2022-02-21T07:14:27.537Z|Lic Read success
2022-02-21T07:14:27.538Z|Data from Lic Read success
2022-02-21T07:14:27.538Z|Signature read success
2022-02-21T07:14:27.538Z|Data read success
2022-02-21T07:14:27.541Z|Data ready to decrypt
2022-02-21T07:14:27.616Z|Data decrypt success
2022-02-21T07:14:27.616Z|Data split success
2022-02-21T07:14:27.616Z|KeyId set success
2022-02-21T07:14:27.616Z|Key set success
2022-02-21T07:14:27.616Z|ProductID set success
2022-02-21T07:14:27.616Z|License init success
2022-02-21T07:14:27.869Z|info | encListToken
2022-02-21T07:15:21.818Z|Lic Read success
2022-02-21T07:15:21.818Z|Data from Lic Read success
2022-02-21T07:15:21.818Z|Signature read success
2022-02-21T07:15:21.818Z|Data read success
2022-02-21T07:15:21.818Z|Data ready to decrypt
2022-02-21T07:15:21.836Z|Data decrypt success
2022-02-21T07:15:21.836Z|Data split success
2022-02-21T07:15:21.836Z|KeyId set success
2022-02-21T07:15:21.837Z|Key set success
2022-02-21T07:15:21.837Z|ProductID set success
2022-02-21T07:15:21.837Z|License init success
2022-02-21T07:15:21.913Z|info | encListToken
2022-02-21T07:15:22.133Z|Lic Read success
2022-02-21T07:15:22.133Z|Data from Lic Read success
2022-02-21T07:15:22.133Z|Signature read success
2022-02-21T07:15:22.134Z|Data read success
2022-02-21T07:15:22.134Z|Data ready to decrypt
2022-02-21T07:15:22.142Z|Data decrypt success
2022-02-21T07:15:22.142Z|Data split success
2022-02-21T07:15:22.142Z|KeyId set success
2022-02-21T07:15:22.142Z|Key set success
2022-02-21T07:15:22.142Z|ProductID set success
2022-02-21T07:15:22.142Z|License init success
2022-02-21T07:15:22.182Z|info | yTJF9digJA4jOpElDEy4xV9dNlK+GM2Gc409lx103Rw=|decListToken
2022-02-21T07:15:59.633Z|Lic Read success
2022-02-21T07:15:59.633Z|Data from Lic Read success
2022-02-21T07:15:59.633Z|Signature read success
2022-02-21T07:15:59.633Z|Data read success
2022-02-21T07:15:59.633Z|Data ready to decrypt
2022-02-21T07:15:59.642Z|Data decrypt success
2022-02-21T07:15:59.642Z|Data split success
2022-02-21T07:15:59.642Z|KeyId set success
2022-02-21T07:15:59.642Z|Key set success
2022-02-21T07:15:59.642Z|ProductID set success
2022-02-21T07:15:59.642Z|License init success
2022-02-21T07:15:59.664Z|info | encListToken
2022-02-21T07:16:00.061Z|Lic Read success
2022-02-21T07:16:00.062Z|Data from Lic Read success
2022-02-21T07:16:00.062Z|Signature read success
2022-02-21T07:16:00.062Z|Data read success
2022-02-21T07:16:00.062Z|Data ready to decrypt
2022-02-21T07:16:00.069Z|Data decrypt success
2022-02-21T07:16:00.069Z|Data split success
2022-02-21T07:16:00.069Z|KeyId set success
2022-02-21T07:16:00.069Z|Key set success
2022-02-21T07:16:00.069Z|ProductID set success
2022-02-21T07:16:00.069Z|License init success
2022-02-21T07:16:00.094Z|info | QS+scVrSTaa6SHbWPLcKuzzv/fvyXLTICzQLu6KZXKA=|decListToken
2022-02-21T07:16:57.047Z|Lic Read success
2022-02-21T07:16:57.048Z|Data from Lic Read success
2022-02-21T07:16:57.048Z|Signature read success
2022-02-21T07:16:57.048Z|Data read success
2022-02-21T07:16:57.048Z|Data ready to decrypt
2022-02-21T07:16:57.055Z|Data decrypt success
2022-02-21T07:16:57.055Z|Data split success
2022-02-21T07:16:57.055Z|KeyId set success
2022-02-21T07:16:57.055Z|Key set success
2022-02-21T07:16:57.055Z|ProductID set success
2022-02-21T07:16:57.055Z|License init success
2022-02-21T07:16:57.077Z|info | encListToken
2022-02-21T07:20:05.952Z|Lic Read success
2022-02-21T07:20:05.953Z|Data from Lic Read success
2022-02-21T07:20:05.953Z|Signature read success
2022-02-21T07:20:05.953Z|Data read success
2022-02-21T07:20:05.953Z|Data ready to decrypt
2022-02-21T07:20:05.960Z|Data decrypt success
2022-02-21T07:20:05.960Z|Data split success
2022-02-21T07:20:05.960Z|KeyId set success
2022-02-21T07:20:05.960Z|Key set success
2022-02-21T07:20:05.960Z|ProductID set success
2022-02-21T07:20:05.960Z|License init success
2022-02-21T07:20:05.982Z|info | encListToken
2022-02-21T07:20:25.076Z|Lic Read success
2022-02-21T07:20:25.077Z|Data from Lic Read success
2022-02-21T07:20:25.077Z|Signature read success
2022-02-21T07:20:25.077Z|Data read success
2022-02-21T07:20:25.077Z|Data ready to decrypt
2022-02-21T07:20:25.081Z|Data decrypt success
2022-02-21T07:20:25.082Z|Data split success
2022-02-21T07:20:25.082Z|KeyId set success
2022-02-21T07:20:25.082Z|Key set success
2022-02-21T07:20:25.082Z|ProductID set success
2022-02-21T07:20:25.082Z|License init success
2022-02-21T07:20:25.110Z|info | encListToken
2022-02-21T07:20:47.812Z|Lic Read success
2022-02-21T07:20:47.813Z|Data from Lic Read success
2022-02-21T07:20:47.813Z|Signature read success
2022-02-21T07:20:47.813Z|Data read success
2022-02-21T07:20:47.813Z|Data ready to decrypt
2022-02-21T07:20:47.821Z|Data decrypt success
2022-02-21T07:20:47.822Z|Data split success
2022-02-21T07:20:47.822Z|KeyId set success
2022-02-21T07:20:47.822Z|Key set success
2022-02-21T07:20:47.822Z|ProductID set success
2022-02-21T07:20:47.822Z|License init success
2022-02-21T07:20:47.843Z|info | 98Qijc10m/C2dQrJtItAOScv6iGZCk0fqmIGo9PKHSA=|decListToken
2022-02-21T07:20:58.189Z|Lic Read success
2022-02-21T07:20:58.189Z|Data from Lic Read success
2022-02-21T07:20:58.189Z|Signature read success
2022-02-21T07:20:58.189Z|Data read success
2022-02-21T07:20:58.190Z|Data ready to decrypt
2022-02-21T07:20:58.196Z|Data decrypt success
2022-02-21T07:20:58.196Z|Data split success
2022-02-21T07:20:58.196Z|KeyId set success
2022-02-21T07:20:58.196Z|Key set success
2022-02-21T07:20:58.196Z|ProductID set success
2022-02-21T07:20:58.196Z|License init success
2022-02-21T07:20:58.250Z|info | 98Qijc10m/C2dQrJtItAOScv6iGZCk0fqmIGo9PKHSA=|decListCertificate
2022-02-21T07:20:58.737Z|Lic Read success
2022-02-21T07:20:58.737Z|Data from Lic Read success
2022-02-21T07:20:58.737Z|Signature read success
2022-02-21T07:20:58.738Z|Data read success
2022-02-21T07:20:58.738Z|Data ready to decrypt
2022-02-21T07:20:58.744Z|Data decrypt success
2022-02-21T07:20:58.745Z|Data split success
2022-02-21T07:20:58.745Z|KeyId set success
2022-02-21T07:20:58.745Z|Key set success
2022-02-21T07:20:58.745Z|ProductID set success
2022-02-21T07:20:58.745Z|License init success
2022-02-21T07:20:58.767Z|info | encListToken
2022-02-21T07:21:13.127Z|Lic Read success
2022-02-21T07:21:13.127Z|Data from Lic Read success
2022-02-21T07:21:13.127Z|Signature read success
2022-02-21T07:21:13.127Z|Data read success
2022-02-21T07:21:13.127Z|Data ready to decrypt
2022-02-21T07:21:13.132Z|Data decrypt success
2022-02-21T07:21:13.132Z|Data split success
2022-02-21T07:21:13.132Z|KeyId set success
2022-02-21T07:21:13.132Z|Key set success
2022-02-21T07:21:13.132Z|ProductID set success
2022-02-21T07:21:13.132Z|License init success
2022-02-21T07:21:13.181Z|Generating pdf signing response
2022-02-21T07:21:13.181Z|error | Temp file does not exist|decPKCSBulkSign
2022-02-21T07:21:17.072Z|Lic Read success
2022-02-21T07:21:17.073Z|Data from Lic Read success
2022-02-21T07:21:17.073Z|Signature read success
2022-02-21T07:21:17.073Z|Data read success
2022-02-21T07:21:17.073Z|Data ready to decrypt
2022-02-21T07:21:17.081Z|Data decrypt success
2022-02-21T07:21:17.081Z|Data split success
2022-02-21T07:21:17.081Z|KeyId set success
2022-02-21T07:21:17.081Z|Key set success
2022-02-21T07:21:17.081Z|ProductID set success
2022-02-21T07:21:17.081Z|License init success
2022-02-21T07:21:17.285Z|Hashing pdf
2022-02-21T07:21:17.288Z|TransactionId: 20220221072417285e173be924f014fa8870f324801d6df13
2022-02-21T07:21:17.288Z|1) Pdf tlcertificate processing....
2022-02-21T07:21:17.395Z|Pdf: read success
2022-02-21T07:21:17.453Z|Pdf: genearting appearance....
2022-02-21T07:21:17.453Z|Pdf: genearting appearance.... text added
2022-02-21T07:21:17.455Z|Pdf: genearting appearance.... position set
2022-02-21T07:21:17.522Z|Pdf: appearance generated successfully
2022-02-21T07:21:17.522Z|Pdf: generating hash....
2022-02-21T07:21:17.603Z|Pdf: hash generated successfully
2022-02-21T07:21:17.603Z|Pdf: generating .sig file....
2022-02-21T07:21:17.604Z|Pdf: Creating and writing transaction data
2022-02-21T07:21:21.374Z|Pdf: Transaction data writtent successfully
2022-02-21T07:21:21.375Z|Pdf: /DS/Temp/20220221072417285e173be924f014fa8870f324801d6df13.sig generated successfully
2022-02-21T07:21:21.375Z|Hashing pdf Done
2022-02-21T07:21:21.377Z|Encrypting
2022-02-21T07:21:21.392Z|Encrypting Done
2022-02-21T07:21:21.392Z|info | encPKCSBulkSign
2022-02-21T07:21:23.614Z|Lic Read success
2022-02-21T07:21:23.614Z|Data from Lic Read success
2022-02-21T07:21:23.614Z|Signature read success
2022-02-21T07:21:23.614Z|Data read success
2022-02-21T07:21:23.614Z|Data ready to decrypt
2022-02-21T07:21:23.621Z|Data decrypt success
2022-02-21T07:21:23.621Z|Data split success
2022-02-21T07:21:23.621Z|KeyId set success
2022-02-21T07:21:23.621Z|Key set success
2022-02-21T07:21:23.622Z|ProductID set success
2022-02-21T07:21:23.622Z|License init success
2022-02-21T07:21:23.643Z|info | ozvxb0ZjX24KVmGNNck1wORJmxidHlDINJUM3fOozIc=|decListToken
2022-02-21T07:21:26.092Z|Lic Read success
2022-02-21T07:21:26.092Z|Data from Lic Read success
2022-02-21T07:21:26.092Z|Signature read success
2022-02-21T07:21:26.092Z|Data read success
2022-02-21T07:21:26.092Z|Data ready to decrypt
2022-02-21T07:21:26.097Z|Data decrypt success
2022-02-21T07:21:26.097Z|Data split success
2022-02-21T07:21:26.097Z|KeyId set success
2022-02-21T07:21:26.097Z|Key set success
2022-02-21T07:21:26.097Z|ProductID set success
2022-02-21T07:21:26.097Z|License init success
2022-02-21T07:21:26.157Z|Hashing pdf
2022-02-21T07:21:26.157Z|TransactionId: 20220221072426157e82c3a500e8c4770bbd58fd930597ba8
2022-02-21T07:21:26.157Z|1) Pdf tlcertificate processing....
2022-02-21T07:21:26.166Z|Pdf: read success
2022-02-21T07:21:26.167Z|Pdf: genearting appearance....
2022-02-21T07:21:26.167Z|Pdf: genearting appearance.... text added
2022-02-21T07:21:26.167Z|Pdf: genearting appearance.... position set
2022-02-21T07:21:26.173Z|Pdf: appearance generated successfully
2022-02-21T07:21:26.173Z|Pdf: generating hash....
2022-02-21T07:21:26.222Z|Pdf: hash generated successfully
2022-02-21T07:21:26.222Z|Pdf: generating .sig file....
2022-02-21T07:21:26.222Z|Pdf: Creating and writing transaction data
2022-02-21T07:21:29.890Z|Pdf: Transaction data writtent successfully
2022-02-21T07:21:29.891Z|Pdf: /DS/Temp/20220221072426157e82c3a500e8c4770bbd58fd930597ba8.sig generated successfully
2022-02-21T07:21:29.891Z|Hashing pdf Done
2022-02-21T07:21:29.897Z|Encrypting
2022-02-21T07:21:29.906Z|Encrypting Done
2022-02-21T07:21:29.906Z|info | encPKCSBulkSign
2022-02-21T07:21:41.014Z|Lic Read success
2022-02-21T07:21:41.014Z|Data from Lic Read success
2022-02-21T07:21:41.014Z|Signature read success
2022-02-21T07:21:41.014Z|Data read success
2022-02-21T07:21:41.014Z|Data ready to decrypt
2022-02-21T07:21:41.022Z|Data decrypt success
2022-02-21T07:21:41.022Z|Data split success
2022-02-21T07:21:41.022Z|KeyId set success
2022-02-21T07:21:41.022Z|Key set success
2022-02-21T07:21:41.022Z|ProductID set success
2022-02-21T07:21:41.022Z|License init success
2022-02-21T07:21:41.045Z|Generating pdf signing response
2022-02-21T07:21:41.045Z|error | Temp file does not exist|decPKCSBulkSign
2022-02-21T07:21:44.926Z|Lic Read success
2022-02-21T07:21:44.926Z|Data from Lic Read success
2022-02-21T07:21:44.926Z|Signature read success
2022-02-21T07:21:44.927Z|Data read success
2022-02-21T07:21:44.927Z|Data ready to decrypt
2022-02-21T07:21:44.935Z|Data decrypt success
2022-02-21T07:21:44.935Z|Data split success
2022-02-21T07:21:44.935Z|KeyId set success
2022-02-21T07:21:44.935Z|Key set success
2022-02-21T07:21:44.935Z|ProductID set success
2022-02-21T07:21:44.935Z|License init success
2022-02-21T07:21:44.955Z|info | encListToken
2022-02-21T07:21:50.361Z|Lic Read success
2022-02-21T07:21:50.361Z|Data from Lic Read success
2022-02-21T07:21:50.362Z|Signature read success
2022-02-21T07:21:50.362Z|Data read success
2022-02-21T07:21:50.362Z|Data ready to decrypt
2022-02-21T07:21:50.368Z|Data decrypt success
2022-02-21T07:21:50.368Z|Data split success
2022-02-21T07:21:50.368Z|KeyId set success
2022-02-21T07:21:50.368Z|Key set success
2022-02-21T07:21:50.368Z|ProductID set success
2022-02-21T07:21:50.368Z|License init success
2022-02-21T07:21:50.391Z|Generating pdf signing response
2022-02-21T07:21:50.391Z|error | Temp file does not exist|decPKCSBulkSign
2022-02-21T07:22:15.307Z|Lic Read success
2022-02-21T07:22:15.308Z|Data from Lic Read success
2022-02-21T07:22:15.308Z|Signature read success
2022-02-21T07:22:15.308Z|Data read success
2022-02-21T07:22:15.308Z|Data ready to decrypt
2022-02-21T07:22:15.315Z|Data decrypt success
2022-02-21T07:22:15.315Z|Data split success
2022-02-21T07:22:15.315Z|KeyId set success
2022-02-21T07:22:15.315Z|Key set success
2022-02-21T07:22:15.315Z|ProductID set success
2022-02-21T07:22:15.315Z|License init success
2022-02-21T07:22:15.337Z|info | encListToken
2022-02-21T07:22:15.568Z|Lic Read success
2022-02-21T07:22:15.568Z|Data from Lic Read success
2022-02-21T07:22:15.568Z|Signature read success
2022-02-21T07:22:15.568Z|Data read success
2022-02-21T07:22:15.568Z|Data ready to decrypt
2022-02-21T07:22:15.574Z|Data decrypt success
2022-02-21T07:22:15.574Z|Data split success
2022-02-21T07:22:15.574Z|KeyId set success
2022-02-21T07:22:15.574Z|Key set success
2022-02-21T07:22:15.574Z|ProductID set success
2022-02-21T07:22:15.574Z|License init success
2022-02-21T07:22:15.594Z|info | encListToken
2022-02-21T07:23:27.306Z|Lic Read success
2022-02-21T07:23:27.306Z|Data from Lic Read success
2022-02-21T07:23:27.306Z|Signature read success
2022-02-21T07:23:27.306Z|Data read success
2022-02-21T07:23:27.306Z|Data ready to decrypt
2022-02-21T07:23:27.313Z|Data decrypt success
2022-02-21T07:23:27.313Z|Data split success
2022-02-21T07:23:27.313Z|KeyId set success
2022-02-21T07:23:27.313Z|Key set success
2022-02-21T07:23:27.313Z|ProductID set success
2022-02-21T07:23:27.314Z|License init success
2022-02-21T07:23:27.333Z|info | encListToken
2022-02-21T07:23:31.949Z|Lic Read success
2022-02-21T07:23:31.950Z|Data from Lic Read success
2022-02-21T07:23:31.950Z|Signature read success
2022-02-21T07:23:31.950Z|Data read success
2022-02-21T07:23:31.950Z|Data ready to decrypt
2022-02-21T07:23:31.957Z|Data decrypt success
2022-02-21T07:23:31.957Z|Data split success
2022-02-21T07:23:31.957Z|KeyId set success
2022-02-21T07:23:31.957Z|Key set success
2022-02-21T07:23:31.957Z|ProductID set success
2022-02-21T07:23:31.957Z|License init success
2022-02-21T07:23:31.978Z|info | encListCertificate
2022-02-21T07:23:47.112Z|Lic Read success
2022-02-21T07:23:47.113Z|Data from Lic Read success
2022-02-21T07:23:47.113Z|Signature read success
2022-02-21T07:23:47.113Z|Data read success
2022-02-21T07:23:47.113Z|Data ready to decrypt
2022-02-21T07:23:47.120Z|Data decrypt success
2022-02-21T07:23:47.120Z|Data split success
2022-02-21T07:23:47.120Z|KeyId set success
2022-02-21T07:23:47.120Z|Key set success
2022-02-21T07:23:47.120Z|ProductID set success
2022-02-21T07:23:47.120Z|License init success
2022-02-21T07:23:47.143Z|Generating pdf signing response
2022-02-21T07:23:47.143Z|error | Temp file does not exist|decPKCSBulkSign
2022-02-21T07:23:55.602Z|Lic Read success
2022-02-21T07:23:55.602Z|Data from Lic Read success
2022-02-21T07:23:55.602Z|Signature read success
2022-02-21T07:23:55.602Z|Data read success
2022-02-21T07:23:55.602Z|Data ready to decrypt
2022-02-21T07:23:55.610Z|Data decrypt success
2022-02-21T07:23:55.610Z|Data split success
2022-02-21T07:23:55.610Z|KeyId set success
2022-02-21T07:23:55.610Z|Key set success
2022-02-21T07:23:55.610Z|ProductID set success
2022-02-21T07:23:55.610Z|License init success
2022-02-21T07:23:55.630Z|info | encListToken
2022-02-21T07:25:49.185Z|Lic Read success
2022-02-21T07:25:49.185Z|Data from Lic Read success
2022-02-21T07:25:49.185Z|Signature read success
2022-02-21T07:25:49.185Z|Data read success
2022-02-21T07:25:49.185Z|Data ready to decrypt
2022-02-21T07:25:49.192Z|Data decrypt success
2022-02-21T07:25:49.192Z|Data split success
2022-02-21T07:25:49.192Z|KeyId set success
2022-02-21T07:25:49.192Z|Key set success
2022-02-21T07:25:49.192Z|ProductID set success
2022-02-21T07:25:49.192Z|License init success
2022-02-21T07:25:49.213Z|info | encListToken
2022-02-21T07:25:49.904Z|Lic Read success
2022-02-21T07:25:49.904Z|Data from Lic Read success
2022-02-21T07:25:49.904Z|Signature read success
2022-02-21T07:25:49.904Z|Data read success
2022-02-21T07:25:49.904Z|Data ready to decrypt
2022-02-21T07:25:49.913Z|Data decrypt success
2022-02-21T07:25:49.913Z|Data split success
2022-02-21T07:25:49.913Z|KeyId set success
2022-02-21T07:25:49.913Z|Key set success
2022-02-21T07:25:49.913Z|ProductID set success
2022-02-21T07:25:49.913Z|License init success
2022-02-21T07:25:49.933Z|info | fVGZdBiGWYg88CMo1BLS7jeVr/1rDSOcpr7ALZXkCC0=|decListToken
2022-02-21T07:26:04.748Z|Lic Read success
2022-02-21T07:26:04.748Z|Data from Lic Read success
2022-02-21T07:26:04.749Z|Signature read success
2022-02-21T07:26:04.749Z|Data read success
2022-02-21T07:26:04.749Z|Data ready to decrypt
2022-02-21T07:26:04.754Z|Data decrypt success
2022-02-21T07:26:04.754Z|Data split success
2022-02-21T07:26:04.754Z|KeyId set success
2022-02-21T07:26:04.754Z|Key set success
2022-02-21T07:26:04.754Z|ProductID set success
2022-02-21T07:26:04.754Z|License init success
2022-02-21T07:26:04.776Z|Generating pdf signing response
2022-02-21T07:26:04.776Z|error | Temp file does not exist|decPKCSBulkSign
2022-02-21T07:27:35.060Z|Lic Read success
2022-02-21T07:27:35.061Z|Data from Lic Read success
2022-02-21T07:27:35.061Z|Signature read success
2022-02-21T07:27:35.061Z|Data read success
2022-02-21T07:27:35.061Z|Data ready to decrypt
2022-02-21T07:27:35.067Z|Data decrypt success
2022-02-21T07:27:35.067Z|Data split success
2022-02-21T07:27:35.067Z|KeyId set success
2022-02-21T07:27:35.067Z|Key set success
2022-02-21T07:27:35.067Z|ProductID set success
2022-02-21T07:27:35.067Z|License init success
2022-02-21T07:27:35.088Z|info | encListToken
2022-02-21T07:28:23.305Z|Lic Read success
2022-02-21T07:28:23.305Z|Data from Lic Read success
2022-02-21T07:28:23.305Z|Signature read success
2022-02-21T07:28:23.305Z|Data read success
2022-02-21T07:28:23.305Z|Data ready to decrypt
2022-02-21T07:28:23.313Z|Data decrypt success
2022-02-21T07:28:23.313Z|Data split success
2022-02-21T07:28:23.313Z|KeyId set success
2022-02-21T07:28:23.313Z|Key set success
2022-02-21T07:28:23.313Z|ProductID set success
2022-02-21T07:28:23.313Z|License init success
2022-02-21T07:28:23.334Z|info | encListToken
2022-02-21T07:28:23.850Z|Lic Read success
2022-02-21T07:28:23.850Z|Data from Lic Read success
2022-02-21T07:28:23.850Z|Signature read success
2022-02-21T07:28:23.850Z|Data read success
2022-02-21T07:28:23.850Z|Data ready to decrypt
2022-02-21T07:28:23.857Z|Data decrypt success
2022-02-21T07:28:23.857Z|Data split success
2022-02-21T07:28:23.857Z|KeyId set success
2022-02-21T07:28:23.857Z|Key set success
2022-02-21T07:28:23.857Z|ProductID set success
2022-02-21T07:28:23.857Z|License init success
2022-02-21T07:28:23.880Z|info | yTJF9digJA4jOpElDEy4xV9dNlK+GM2Gc409lx103Rw=|decListToken
2022-02-21T07:29:23.999Z|Lic Read success
2022-02-21T07:29:23.999Z|Data from Lic Read success
2022-02-21T07:29:24Z|Signature read success
2022-02-21T07:29:24Z|Data read success
2022-02-21T07:29:24Z|Data ready to decrypt
2022-02-21T07:29:24.008Z|Data decrypt success
2022-02-21T07:29:24.009Z|Data split success
2022-02-21T07:29:24.009Z|KeyId set success
2022-02-21T07:29:24.009Z|Key set success
2022-02-21T07:29:24.009Z|ProductID set success
2022-02-21T07:29:24.009Z|License init success
2022-02-21T07:29:24.029Z|info | encListToken
2022-02-21T07:29:27.645Z|Lic Read success
2022-02-21T07:29:27.645Z|Data from Lic Read success
2022-02-21T07:29:27.645Z|Signature read success
2022-02-21T07:29:27.645Z|Data read success
2022-02-21T07:29:27.645Z|Data ready to decrypt
2022-02-21T07:29:27.653Z|Data decrypt success
2022-02-21T07:29:27.653Z|Data split success
2022-02-21T07:29:27.653Z|KeyId set success
2022-02-21T07:29:27.653Z|Key set success
2022-02-21T07:29:27.653Z|ProductID set success
2022-02-21T07:29:27.653Z|License init success
2022-02-21T07:29:27.673Z|info | Dp4VO/yLznZ3PvJCH1un6yleQeMqxN8ROMGdIR7hWfI=|decListToken
2022-02-21T07:29:49.476Z|Lic Read success
2022-02-21T07:29:49.476Z|Data from Lic Read success
2022-02-21T07:29:49.476Z|Signature read success
2022-02-21T07:29:49.476Z|Data read success
2022-02-21T07:29:49.476Z|Data ready to decrypt
2022-02-21T07:29:49.484Z|Data decrypt success
2022-02-21T07:29:49.484Z|Data split success
2022-02-21T07:29:49.484Z|KeyId set success
2022-02-21T07:29:49.484Z|Key set success
2022-02-21T07:29:49.485Z|ProductID set success
2022-02-21T07:29:49.485Z|License init success
2022-02-21T07:29:49.506Z|info | yTJF9digJA4jOpElDEy4xV9dNlK+GM2Gc409lx103Rw=|decListToken
2022-02-21T07:30:26.882Z|Lic Read success
2022-02-21T07:30:26.882Z|Data from Lic Read success
2022-02-21T07:30:26.882Z|Signature read success
2022-02-21T07:30:26.882Z|Data read success
2022-02-21T07:30:26.882Z|Data ready to decrypt
2022-02-21T07:30:26.891Z|Data decrypt success
2022-02-21T07:30:26.891Z|Data split success
2022-02-21T07:30:26.891Z|KeyId set success
2022-02-21T07:30:26.891Z|Key set success
2022-02-21T07:30:26.891Z|ProductID set success
2022-02-21T07:30:26.891Z|License init success
2022-02-21T07:30:26.912Z|info | yTJF9digJA4jOpElDEy4xV9dNlK+GM2Gc409lx103Rw=|decListToken
2022-02-21T07:36:19.282Z|Lic Read success
2022-02-21T07:36:19.282Z|Data from Lic Read success
2022-02-21T07:36:19.282Z|Signature read success
2022-02-21T07:36:19.282Z|Data read success
2022-02-21T07:36:19.282Z|Data ready to decrypt
2022-02-21T07:36:19.290Z|Data decrypt success
2022-02-21T07:36:19.290Z|Data split success
2022-02-21T07:36:19.290Z|KeyId set success
2022-02-21T07:36:19.290Z|Key set success
2022-02-21T07:36:19.290Z|ProductID set success
2022-02-21T07:36:19.290Z|License init success
2022-02-21T07:36:19.318Z|info | encListToken
2022-02-21T07:36:48.666Z|Lic Read success
2022-02-21T07:36:48.666Z|Data from Lic Read success
2022-02-21T07:36:48.666Z|Signature read success
2022-02-21T07:36:48.666Z|Data read success
2022-02-21T07:36:48.666Z|Data ready to decrypt
2022-02-21T07:36:48.675Z|Data decrypt success
2022-02-21T07:36:48.675Z|Data split success
2022-02-21T07:36:48.675Z|KeyId set success
2022-02-21T07:36:48.675Z|Key set success
2022-02-21T07:36:48.675Z|ProductID set success
2022-02-21T07:36:48.675Z|License init success
2022-02-21T07:36:48.695Z|info | encListToken
2022-02-21T07:37:02.755Z|Lic Read success
2022-02-21T07:37:02.755Z|Data from Lic Read success
2022-02-21T07:37:02.756Z|Signature read success
2022-02-21T07:37:02.756Z|Data read success
2022-02-21T07:37:02.756Z|Data ready to decrypt
2022-02-21T07:37:02.763Z|Data decrypt success
2022-02-21T07:37:02.763Z|Data split success
2022-02-21T07:37:02.763Z|KeyId set success
2022-02-21T07:37:02.763Z|Key set success
2022-02-21T07:37:02.763Z|ProductID set success
2022-02-21T07:37:02.763Z|License init success
2022-02-21T07:37:02.784Z|info | encListToken
2022-02-21T07:37:33.017Z|Lic Read success
2022-02-21T07:37:33.017Z|Data from Lic Read success
2022-02-21T07:37:33.018Z|Signature read success
2022-02-21T07:37:33.018Z|Data read success
2022-02-21T07:37:33.018Z|Data ready to decrypt
2022-02-21T07:37:33.024Z|Data decrypt success
2022-02-21T07:37:33.024Z|Data split success
2022-02-21T07:37:33.024Z|KeyId set success
2022-02-21T07:37:33.024Z|Key set success
2022-02-21T07:37:33.024Z|ProductID set success
2022-02-21T07:37:33.024Z|License init success
2022-02-21T07:37:33.044Z|info | encListToken
2022-02-21T07:39:42.840Z|Lic Read success
2022-02-21T07:39:42.840Z|Data from Lic Read success
2022-02-21T07:39:42.840Z|Signature read success
2022-02-21T07:39:42.840Z|Data read success
2022-02-21T07:39:42.840Z|Data ready to decrypt
2022-02-21T07:39:42.846Z|Data decrypt success
2022-02-21T07:39:42.846Z|Data split success
2022-02-21T07:39:42.846Z|KeyId set success
2022-02-21T07:39:42.846Z|Key set success
2022-02-21T07:39:42.846Z|ProductID set success
2022-02-21T07:39:42.846Z|License init success
2022-02-21T07:39:42.865Z|info | encListToken
2022-02-21T07:39:53.136Z|Lic Read success
2022-02-21T07:39:53.136Z|Data from Lic Read success
2022-02-21T07:39:53.136Z|Signature read success
2022-02-21T07:39:53.136Z|Data read success
2022-02-21T07:39:53.136Z|Data ready to decrypt
2022-02-21T07:39:53.143Z|Data decrypt success
2022-02-21T07:39:53.143Z|Data split success
2022-02-21T07:39:53.143Z|KeyId set success
2022-02-21T07:39:53.143Z|Key set success
2022-02-21T07:39:53.143Z|ProductID set success
2022-02-21T07:39:53.143Z|License init success
2022-02-21T07:39:53.163Z|info | Dp4VO/yLznZ3PvJCH1un6yleQeMqxN8ROMGdIR7hWfI=|decListToken
2022-02-21T07:39:55.426Z|Lic Read success
2022-02-21T07:39:55.426Z|Data from Lic Read success
2022-02-21T07:39:55.426Z|Signature read success
2022-02-21T07:39:55.426Z|Data read success
2022-02-21T07:39:55.426Z|Data ready to decrypt
2022-02-21T07:39:55.436Z|Data decrypt success
2022-02-21T07:39:55.436Z|Data split success
2022-02-21T07:39:55.436Z|KeyId set success
2022-02-21T07:39:55.436Z|Key set success
2022-02-21T07:39:55.436Z|ProductID set success
2022-02-21T07:39:55.436Z|License init success
2022-02-21T07:39:55.456Z|info | encListToken
2022-02-21T07:44:19.934Z|Lic Read success
2022-02-21T07:44:19.934Z|Data from Lic Read success
2022-02-21T07:44:19.934Z|Signature read success
2022-02-21T07:44:19.934Z|Data read success
2022-02-21T07:44:19.935Z|Data ready to decrypt
2022-02-21T07:44:19.942Z|Data decrypt success
2022-02-21T07:44:19.942Z|Data split success
2022-02-21T07:44:19.942Z|KeyId set success
2022-02-21T07:44:19.942Z|Key set success
2022-02-21T07:44:19.942Z|ProductID set success
2022-02-21T07:44:19.942Z|License init success
2022-02-21T07:44:20.016Z|Hashing pdf
2022-02-21T07:44:20.016Z|TransactionId: 202202210747200166c736aed683340f6b1350a0d69caec7b
2022-02-21T07:44:20.016Z|1) Pdf mrcertificate processing....
2022-02-21T07:44:20.024Z|Pdf: read success
2022-02-21T07:44:20.026Z|Pdf: genearting appearance....
2022-02-21T07:44:20.026Z|Pdf: genearting appearance.... text added
2022-02-21T07:44:20.026Z|Pdf: genearting appearance.... position set
2022-02-21T07:44:20.029Z|Pdf: appearance generated successfully
2022-02-21T07:44:20.029Z|Pdf: generating hash....
2022-02-21T07:44:20.059Z|Pdf: hash generated successfully
2022-02-21T07:44:20.059Z|Pdf: generating .sig file....
2022-02-21T07:44:20.060Z|Pdf: Creating and writing transaction data
2022-02-21T07:44:23.907Z|Pdf: Transaction data writtent successfully
2022-02-21T07:44:23.907Z|Pdf: /DS/Temp/202202210747200166c736aed683340f6b1350a0d69caec7b.sig generated successfully
2022-02-21T07:44:23.907Z|Hashing pdf Done
2022-02-21T07:44:23.908Z|Encrypting
2022-02-21T07:44:23.912Z|Encrypting Done
2022-02-21T07:44:23.912Z|info | encPKCSBulkSign
2022-02-21T07:44:35.962Z|Lic Read success
2022-02-21T07:44:35.963Z|Data from Lic Read success
2022-02-21T07:44:35.963Z|Signature read success
2022-02-21T07:44:35.963Z|Data read success
2022-02-21T07:44:35.963Z|Data ready to decrypt
2022-02-21T07:44:35.970Z|Data decrypt success
2022-02-21T07:44:35.970Z|Data split success
2022-02-21T07:44:35.970Z|KeyId set success
2022-02-21T07:44:35.970Z|Key set success
2022-02-21T07:44:35.970Z|ProductID set success
2022-02-21T07:44:35.970Z|License init success
2022-02-21T07:44:35.991Z|info | encListToken
2022-02-21T07:44:42.442Z|Lic Read success
2022-02-21T07:44:42.442Z|Data from Lic Read success
2022-02-21T07:44:42.442Z|Signature read success
2022-02-21T07:44:42.442Z|Data read success
2022-02-21T07:44:42.442Z|Data ready to decrypt
2022-02-21T07:44:42.449Z|Data decrypt success
2022-02-21T07:44:42.449Z|Data split success
2022-02-21T07:44:42.449Z|KeyId set success
2022-02-21T07:44:42.449Z|Key set success
2022-02-21T07:44:42.449Z|ProductID set success
2022-02-21T07:44:42.449Z|License init success
2022-02-21T07:44:42.509Z|Hashing pdf
2022-02-21T07:44:42.509Z|TransactionId: 20220221074742509848b908abc234fd4b19b2aec1a2ef022
2022-02-21T07:44:42.509Z|1) Pdf mrcertificate processing....
2022-02-21T07:44:42.519Z|Pdf: read success
2022-02-21T07:44:42.520Z|Pdf: genearting appearance....
2022-02-21T07:44:42.520Z|Pdf: genearting appearance.... text added
2022-02-21T07:44:42.520Z|Pdf: genearting appearance.... position set
2022-02-21T07:44:42.523Z|Pdf: appearance generated successfully
2022-02-21T07:44:42.523Z|Pdf: generating hash....
2022-02-21T07:44:42.554Z|Pdf: hash generated successfully
2022-02-21T07:44:42.554Z|Pdf: generating .sig file....
2022-02-21T07:44:42.555Z|Pdf: Creating and writing transaction data
2022-02-21T07:44:46.455Z|Pdf: Transaction data writtent successfully
2022-02-21T07:44:46.456Z|Pdf: /DS/Temp/20220221074742509848b908abc234fd4b19b2aec1a2ef022.sig generated successfully
2022-02-21T07:44:46.456Z|Hashing pdf Done
2022-02-21T07:44:46.456Z|Encrypting
2022-02-21T07:44:46.460Z|Encrypting Done
2022-02-21T07:44:46.460Z|info | encPKCSBulkSign
2022-02-21T07:46:23.433Z|Lic Read success
2022-02-21T07:46:23.433Z|Data from Lic Read success
2022-02-21T07:46:23.433Z|Signature read success
2022-02-21T07:46:23.433Z|Data read success
2022-02-21T07:46:23.433Z|Data ready to decrypt
2022-02-21T07:46:23.440Z|Data decrypt success
2022-02-21T07:46:23.440Z|Data split success
2022-02-21T07:46:23.440Z|KeyId set success
2022-02-21T07:46:23.440Z|Key set success
2022-02-21T07:46:23.440Z|ProductID set success
2022-02-21T07:46:23.440Z|License init success
2022-02-21T07:46:23.461Z|info | encListToken
2022-02-21T07:47:37.769Z|Lic Read success
2022-02-21T07:47:37.770Z|Data from Lic Read success
2022-02-21T07:47:37.770Z|Signature read success
2022-02-21T07:47:37.770Z|Data read success
2022-02-21T07:47:37.770Z|Data ready to decrypt
2022-02-21T07:47:37.777Z|Data decrypt success
2022-02-21T07:47:37.777Z|Data split success
2022-02-21T07:47:37.777Z|KeyId set success
2022-02-21T07:47:37.777Z|Key set success
2022-02-21T07:47:37.777Z|ProductID set success
2022-02-21T07:47:37.777Z|License init success
2022-02-21T07:47:37.797Z|info | encListToken
2022-02-21T07:49:27.578Z|Lic Read success
2022-02-21T07:49:27.578Z|Data from Lic Read success
2022-02-21T07:49:27.578Z|Signature read success
2022-02-21T07:49:27.578Z|Data read success
2022-02-21T07:49:27.578Z|Data ready to decrypt
2022-02-21T07:49:27.585Z|Data decrypt success
2022-02-21T07:49:27.585Z|Data split success
2022-02-21T07:49:27.585Z|KeyId set success
2022-02-21T07:49:27.585Z|Key set success
2022-02-21T07:49:27.585Z|ProductID set success
2022-02-21T07:49:27.585Z|License init success
2022-02-21T07:49:27.606Z|info | Dp4VO/yLznZ3PvJCH1un6yleQeMqxN8ROMGdIR7hWfI=|decListToken
2022-02-21T07:49:47.290Z|Lic Read success
2022-02-21T07:49:47.290Z|Data from Lic Read success
2022-02-21T07:49:47.290Z|Signature read success
2022-02-21T07:49:47.290Z|Data read success
2022-02-21T07:49:47.290Z|Data ready to decrypt
2022-02-21T07:49:47.296Z|Data decrypt success
2022-02-21T07:49:47.296Z|Data split success
2022-02-21T07:49:47.296Z|KeyId set success
2022-02-21T07:49:47.296Z|Key set success
2022-02-21T07:49:47.296Z|ProductID set success
2022-02-21T07:49:47.296Z|License init success
2022-02-21T07:49:47.329Z|info | Dp4VO/yLznZ3PvJCH1un6yleQeMqxN8ROMGdIR7hWfI=|decListToken
2022-02-21T07:50:22.318Z|Lic Read success
2022-02-21T07:50:22.318Z|Data from Lic Read success
2022-02-21T07:50:22.318Z|Signature read success
2022-02-21T07:50:22.318Z|Data read success
2022-02-21T07:50:22.318Z|Data ready to decrypt
2022-02-21T07:50:22.326Z|Data decrypt success
2022-02-21T07:50:22.326Z|Data split success
2022-02-21T07:50:22.326Z|KeyId set success
2022-02-21T07:50:22.326Z|Key set success
2022-02-21T07:50:22.326Z|ProductID set success
2022-02-21T07:50:22.326Z|License init success
2022-02-21T07:50:22.349Z|info | ozvxb0ZjX24KVmGNNck1wORJmxidHlDINJUM3fOozIc=|decListToken
2022-02-21T07:50:45.246Z|Lic Read success
2022-02-21T07:50:45.246Z|Data from Lic Read success
2022-02-21T07:50:45.246Z|Signature read success
2022-02-21T07:50:45.246Z|Data read success
2022-02-21T07:50:45.246Z|Data ready to decrypt
2022-02-21T07:50:45.254Z|Data decrypt success
2022-02-21T07:50:45.255Z|Data split success
2022-02-21T07:50:45.255Z|KeyId set success
2022-02-21T07:50:45.255Z|Key set success
2022-02-21T07:50:45.255Z|ProductID set success
2022-02-21T07:50:45.255Z|License init success
2022-02-21T07:50:45.273Z|info | encListToken
2022-02-21T07:51:31.031Z|Lic Read success
2022-02-21T07:51:31.031Z|Data from Lic Read success
2022-02-21T07:51:31.031Z|Signature read success
2022-02-21T07:51:31.031Z|Data read success
2022-02-21T07:51:31.031Z|Data ready to decrypt
2022-02-21T07:51:31.039Z|Data decrypt success
2022-02-21T07:51:31.040Z|Data split success
2022-02-21T07:51:31.040Z|KeyId set success
2022-02-21T07:51:31.040Z|Key set success
2022-02-21T07:51:31.040Z|ProductID set success
2022-02-21T07:51:31.040Z|License init success
2022-02-21T07:51:31.060Z|info | encListToken
2022-02-21T07:51:34.491Z|Lic Read success
2022-02-21T07:51:34.491Z|Data from Lic Read success
2022-02-21T07:51:34.491Z|Signature read success
2022-02-21T07:51:34.491Z|Data read success
2022-02-21T07:51:34.491Z|Data ready to decrypt
2022-02-21T07:51:34.495Z|Data decrypt success
2022-02-21T07:51:34.495Z|Data split success
2022-02-21T07:51:34.495Z|KeyId set success
2022-02-21T07:51:34.495Z|Key set success
2022-02-21T07:51:34.495Z|ProductID set success
2022-02-21T07:51:34.495Z|License init success
2022-02-21T07:51:34.519Z|info | encListToken
2022-02-21T07:51:34.556Z|Lic Read success
2022-02-21T07:51:34.556Z|Data from Lic Read success
2022-02-21T07:51:34.556Z|Signature read success
2022-02-21T07:51:34.556Z|Data read success
2022-02-21T07:51:34.556Z|Data ready to decrypt
2022-02-21T07:51:34.564Z|Data decrypt success
2022-02-21T07:51:34.564Z|Data split success
2022-02-21T07:51:34.564Z|KeyId set success
2022-02-21T07:51:34.564Z|Key set success
2022-02-21T07:51:34.564Z|ProductID set success
2022-02-21T07:51:34.564Z|License init success
2022-02-21T07:51:34.585Z|info | Dp4VO/yLznZ3PvJCH1un6yleQeMqxN8ROMGdIR7hWfI=|decListToken
2022-02-21T07:51:54.734Z|Lic Read success
2022-02-21T07:51:54.735Z|Data from Lic Read success
2022-02-21T07:51:54.735Z|Signature read success
2022-02-21T07:51:54.735Z|Data read success
2022-02-21T07:51:54.735Z|Data ready to decrypt
2022-02-21T07:51:54.743Z|Data decrypt success
2022-02-21T07:51:54.743Z|Data split success
2022-02-21T07:51:54.743Z|KeyId set success
2022-02-21T07:51:54.743Z|Key set success
2022-02-21T07:51:54.743Z|ProductID set success
2022-02-21T07:51:54.743Z|License init success
2022-02-21T07:51:54.766Z|info | encListToken
2022-02-21T07:53:18.922Z|Lic Read success
2022-02-21T07:53:18.922Z|Data from Lic Read success
2022-02-21T07:53:18.922Z|Signature read success
2022-02-21T07:53:18.922Z|Data read success
2022-02-21T07:53:18.922Z|Data ready to decrypt
2022-02-21T07:53:18.927Z|Data decrypt success
2022-02-21T07:53:18.927Z|Data split success
2022-02-21T07:53:18.927Z|KeyId set success
2022-02-21T07:53:18.927Z|Key set success
2022-02-21T07:53:18.927Z|ProductID set success
2022-02-21T07:53:18.927Z|License init success
2022-02-21T07:53:18.946Z|info | encListToken
2022-02-21T07:53:53.349Z|Lic Read success
2022-02-21T07:53:53.350Z|Data from Lic Read success
2022-02-21T07:53:53.350Z|Signature read success
2022-02-21T07:53:53.350Z|Data read success
2022-02-21T07:53:53.350Z|Data ready to decrypt
2022-02-21T07:53:53.358Z|Data decrypt success
2022-02-21T07:53:53.358Z|Data split success
2022-02-21T07:53:53.358Z|KeyId set success
2022-02-21T07:53:53.358Z|Key set success
2022-02-21T07:53:53.358Z|ProductID set success
2022-02-21T07:53:53.358Z|License init success
2022-02-21T07:53:53.380Z|info | encListToken
2022-02-21T07:54:18.646Z|Lic Read success
2022-02-21T07:54:18.646Z|Data from Lic Read success
2022-02-21T07:54:18.646Z|Signature read success
2022-02-21T07:54:18.646Z|Data read success
2022-02-21T07:54:18.646Z|Data ready to decrypt
2022-02-21T07:54:18.654Z|Data decrypt success
2022-02-21T07:54:18.654Z|Data split success
2022-02-21T07:54:18.654Z|KeyId set success
2022-02-21T07:54:18.654Z|Key set success
2022-02-21T07:54:18.654Z|ProductID set success
2022-02-21T07:54:18.654Z|License init success
2022-02-21T07:54:18.677Z|info | Dp4VO/yLznZ3PvJCH1un6yleQeMqxN8ROMGdIR7hWfI=|decListToken
2022-02-21T07:54:38.824Z|Lic Read success
2022-02-21T07:54:38.825Z|Data from Lic Read success
2022-02-21T07:54:38.825Z|Signature read success
2022-02-21T07:54:38.825Z|Data read success
2022-02-21T07:54:38.825Z|Data ready to decrypt
2022-02-21T07:54:38.830Z|Data decrypt success
2022-02-21T07:54:38.830Z|Data split success
2022-02-21T07:54:38.830Z|KeyId set success
2022-02-21T07:54:38.830Z|Key set success
2022-02-21T07:54:38.830Z|ProductID set success
2022-02-21T07:54:38.830Z|License init success
2022-02-21T07:54:38.851Z|info | encListToken
2022-02-21T07:54:42.257Z|Lic Read success
2022-02-21T07:54:42.257Z|Data from Lic Read success
2022-02-21T07:54:42.257Z|Signature read success
2022-02-21T07:54:42.257Z|Data read success
2022-02-21T07:54:42.257Z|Data ready to decrypt
2022-02-21T07:54:42.264Z|Data decrypt success
2022-02-21T07:54:42.264Z|Data split success
2022-02-21T07:54:42.264Z|KeyId set success
2022-02-21T07:54:42.264Z|Key set success
2022-02-21T07:54:42.264Z|ProductID set success
2022-02-21T07:54:42.264Z|License init success
2022-02-21T07:54:42.284Z|info | Dp4VO/yLznZ3PvJCH1un6yleQeMqxN8ROMGdIR7hWfI=|decListToken
2022-02-21T07:54:43.244Z|Lic Read success
2022-02-21T07:54:43.244Z|Data from Lic Read success
2022-02-21T07:54:43.244Z|Signature read success
2022-02-21T07:54:43.244Z|Data read success
2022-02-21T07:54:43.244Z|Data ready to decrypt
2022-02-21T07:54:43.250Z|Data decrypt success
2022-02-21T07:54:43.250Z|Data split success
2022-02-21T07:54:43.250Z|KeyId set success
2022-02-21T07:54:43.250Z|Key set success
2022-02-21T07:54:43.250Z|ProductID set success
2022-02-21T07:54:43.250Z|License init success
2022-02-21T07:54:43.269Z|info | encListToken
2022-02-21T07:55:11.841Z|Lic Read success
2022-02-21T07:55:11.841Z|Data from Lic Read success
2022-02-21T07:55:11.841Z|Signature read success
2022-02-21T07:55:11.841Z|Data read success
2022-02-21T07:55:11.841Z|Data ready to decrypt
2022-02-21T07:55:11.850Z|Data decrypt success
2022-02-21T07:55:11.850Z|Data split success
2022-02-21T07:55:11.850Z|KeyId set success
2022-02-21T07:55:11.850Z|Key set success
2022-02-21T07:55:11.850Z|ProductID set success
2022-02-21T07:55:11.850Z|License init success
2022-02-21T07:55:11.869Z|info | QS+scVrSTaa6SHbWPLcKuzzv/fvyXLTICzQLu6KZXKA=|decListToken
2022-02-21T07:55:28.836Z|Lic Read success
2022-02-21T07:55:28.836Z|Data from Lic Read success
2022-02-21T07:55:28.836Z|Signature read success
2022-02-21T07:55:28.836Z|Data read success
2022-02-21T07:55:28.836Z|Data ready to decrypt
2022-02-21T07:55:28.845Z|Data decrypt success
2022-02-21T07:55:28.846Z|Data split success
2022-02-21T07:55:28.846Z|KeyId set success
2022-02-21T07:55:28.846Z|Key set success
2022-02-21T07:55:28.846Z|ProductID set success
2022-02-21T07:55:28.846Z|License init success
2022-02-21T07:55:28.864Z|info | encListToken
2022-02-21T07:55:34.893Z|Lic Read success
2022-02-21T07:55:34.893Z|Data from Lic Read success
2022-02-21T07:55:34.893Z|Signature read success
2022-02-21T07:55:34.893Z|Data read success
2022-02-21T07:55:34.893Z|Data ready to decrypt
2022-02-21T07:55:34.901Z|Data decrypt success
2022-02-21T07:55:34.901Z|Data split success
2022-02-21T07:55:34.901Z|KeyId set success
2022-02-21T07:55:34.901Z|Key set success
2022-02-21T07:55:34.901Z|ProductID set success
2022-02-21T07:55:34.901Z|License init success
2022-02-21T07:55:34.921Z|info | encListToken
2022-02-21T07:55:41.330Z|Lic Read success
2022-02-21T07:55:41.330Z|Data from Lic Read success
2022-02-21T07:55:41.330Z|Signature read success
2022-02-21T07:55:41.330Z|Data read success
2022-02-21T07:55:41.330Z|Data ready to decrypt
2022-02-21T07:55:41.338Z|Data decrypt success
2022-02-21T07:55:41.338Z|Data split success
2022-02-21T07:55:41.338Z|KeyId set success
2022-02-21T07:55:41.338Z|Key set success
2022-02-21T07:55:41.338Z|ProductID set success
2022-02-21T07:55:41.338Z|License init success
2022-02-21T07:55:41.361Z|info | encListToken
2022-02-21T07:56:01.557Z|Lic Read success
2022-02-21T07:56:01.557Z|Data from Lic Read success
2022-02-21T07:56:01.557Z|Signature read success
2022-02-21T07:56:01.557Z|Data read success
2022-02-21T07:56:01.557Z|Data ready to decrypt
2022-02-21T07:56:01.564Z|Data decrypt success
2022-02-21T07:56:01.564Z|Data split success
2022-02-21T07:56:01.565Z|KeyId set success
2022-02-21T07:56:01.565Z|Key set success
2022-02-21T07:56:01.565Z|ProductID set success
2022-02-21T07:56:01.565Z|License init success
2022-02-21T07:56:01.584Z|info | encListToken
2022-02-21T07:56:18.504Z|Lic Read success
2022-02-21T07:56:18.504Z|Data from Lic Read success
2022-02-21T07:56:18.504Z|Signature read success
2022-02-21T07:56:18.504Z|Data read success
2022-02-21T07:56:18.504Z|Data ready to decrypt
2022-02-21T07:56:18.508Z|Data decrypt success
2022-02-21T07:56:18.508Z|Data split success
2022-02-21T07:56:18.508Z|KeyId set success
2022-02-21T07:56:18.508Z|Key set success
2022-02-21T07:56:18.508Z|ProductID set success
2022-02-21T07:56:18.508Z|License init success
2022-02-21T07:56:18.527Z|info | encListToken
2022-02-21T07:56:23.085Z|Lic Read success
2022-02-21T07:56:23.085Z|Data from Lic Read success
2022-02-21T07:56:23.085Z|Signature read success
2022-02-21T07:56:23.085Z|Data read success
2022-02-21T07:56:23.085Z|Data ready to decrypt
2022-02-21T07:56:23.091Z|Data decrypt success
2022-02-21T07:56:23.092Z|Data split success
2022-02-21T07:56:23.092Z|KeyId set success
2022-02-21T07:56:23.092Z|Key set success
2022-02-21T07:56:23.092Z|ProductID set success
2022-02-21T07:56:23.092Z|License init success
2022-02-21T07:56:23.111Z|info | encListToken
2022-02-21T07:56:34.119Z|Lic Read success
2022-02-21T07:56:34.119Z|Data from Lic Read success
2022-02-21T07:56:34.119Z|Signature read success
2022-02-21T07:56:34.119Z|Data read success
2022-02-21T07:56:34.119Z|Data ready to decrypt
2022-02-21T07:56:34.125Z|Data decrypt success
2022-02-21T07:56:34.125Z|Data split success
2022-02-21T07:56:34.125Z|KeyId set success
2022-02-21T07:56:34.125Z|Key set success
2022-02-21T07:56:34.125Z|ProductID set success
2022-02-21T07:56:34.125Z|License init success
2022-02-21T07:56:34.155Z|info | encListToken
2022-02-21T07:56:45.440Z|Lic Read success
2022-02-21T07:56:45.441Z|Data from Lic Read success
2022-02-21T07:56:45.441Z|Signature read success
2022-02-21T07:56:45.441Z|Data read success
2022-02-21T07:56:45.441Z|Data ready to decrypt
2022-02-21T07:56:45.450Z|Data decrypt success
2022-02-21T07:56:45.450Z|Data split success
2022-02-21T07:56:45.450Z|KeyId set success
2022-02-21T07:56:45.450Z|Key set success
2022-02-21T07:56:45.450Z|ProductID set success
2022-02-21T07:56:45.450Z|License init success
2022-02-21T07:56:45.469Z|info | Dp4VO/yLznZ3PvJCH1un6yleQeMqxN8ROMGdIR7hWfI=|decListToken
2022-02-21T07:56:46.648Z|Lic Read success
2022-02-21T07:56:46.648Z|Data from Lic Read success
2022-02-21T07:56:46.648Z|Signature read success
2022-02-21T07:56:46.648Z|Data read success
2022-02-21T07:56:46.648Z|Data ready to decrypt
2022-02-21T07:56:46.656Z|Data decrypt success
2022-02-21T07:56:46.656Z|Data split success
2022-02-21T07:56:46.656Z|KeyId set success
2022-02-21T07:56:46.656Z|Key set success
2022-02-21T07:56:46.656Z|ProductID set success
2022-02-21T07:56:46.656Z|License init success
2022-02-21T07:56:46.676Z|info | encListToken
2022-02-21T07:56:58.336Z|Lic Read success
2022-02-21T07:56:58.336Z|Data from Lic Read success
2022-02-21T07:56:58.337Z|Signature read success
2022-02-21T07:56:58.337Z|Data read success
2022-02-21T07:56:58.337Z|Data ready to decrypt
2022-02-21T07:56:58.343Z|Data decrypt success
2022-02-21T07:56:58.343Z|Data split success
2022-02-21T07:56:58.343Z|KeyId set success
2022-02-21T07:56:58.343Z|Key set success
2022-02-21T07:56:58.343Z|ProductID set success
2022-02-21T07:56:58.343Z|License init success
2022-02-21T07:56:58.370Z|info | encListToken
2022-02-21T07:57:11.164Z|Lic Read success
2022-02-21T07:57:11.164Z|Data from Lic Read success
2022-02-21T07:57:11.164Z|Signature read success
2022-02-21T07:57:11.164Z|Data read success
2022-02-21T07:57:11.164Z|Data ready to decrypt
2022-02-21T07:57:11.174Z|Data decrypt success
2022-02-21T07:57:11.175Z|Data split success
2022-02-21T07:57:11.175Z|KeyId set success
2022-02-21T07:57:11.175Z|Key set success
2022-02-21T07:57:11.175Z|ProductID set success
2022-02-21T07:57:11.175Z|License init success
2022-02-21T07:57:11.194Z|info | QS+scVrSTaa6SHbWPLcKuzzv/fvyXLTICzQLu6KZXKA=|decListToken
2022-02-21T07:57:24.018Z|Lic Read success
2022-02-21T07:57:24.018Z|Data from Lic Read success
2022-02-21T07:57:24.018Z|Signature read success
2022-02-21T07:57:24.018Z|Data read success
2022-02-21T07:57:24.018Z|Data ready to decrypt
2022-02-21T07:57:24.027Z|Data decrypt success
2022-02-21T07:57:24.027Z|Data split success
2022-02-21T07:57:24.027Z|KeyId set success
2022-02-21T07:57:24.027Z|Key set success
2022-02-21T07:57:24.027Z|ProductID set success
2022-02-21T07:57:24.027Z|License init success
2022-02-21T07:57:24.048Z|info | QS+scVrSTaa6SHbWPLcKuzzv/fvyXLTICzQLu6KZXKA=|decListToken
2022-02-21T07:57:34.224Z|Lic Read success
2022-02-21T07:57:34.224Z|Data from Lic Read success
2022-02-21T07:57:34.224Z|Signature read success
2022-02-21T07:57:34.224Z|Data read success
2022-02-21T07:57:34.224Z|Data ready to decrypt
2022-02-21T07:57:34.233Z|Data decrypt success
2022-02-21T07:57:34.233Z|Data split success
2022-02-21T07:57:34.233Z|KeyId set success
2022-02-21T07:57:34.233Z|Key set success
2022-02-21T07:57:34.233Z|ProductID set success
2022-02-21T07:57:34.233Z|License init success
2022-02-21T07:57:34.252Z|info | QS+scVrSTaa6SHbWPLcKuzzv/fvyXLTICzQLu6KZXKA=|decListToken
2022-02-21T07:57:47.138Z|Lic Read success
2022-02-21T07:57:47.138Z|Data from Lic Read success
2022-02-21T07:57:47.138Z|Signature read success
2022-02-21T07:57:47.138Z|Data read success
2022-02-21T07:57:47.138Z|Data ready to decrypt
2022-02-21T07:57:47.149Z|Data decrypt success
2022-02-21T07:57:47.149Z|Data split success
2022-02-21T07:57:47.149Z|KeyId set success
2022-02-21T07:57:47.149Z|Key set success
2022-02-21T07:57:47.149Z|ProductID set success
2022-02-21T07:57:47.149Z|License init success
2022-02-21T07:57:47.168Z|info | QS+scVrSTaa6SHbWPLcKuzzv/fvyXLTICzQLu6KZXKA=|decListToken
2022-02-21T07:57:58.883Z|Lic Read success
2022-02-21T07:57:58.883Z|Data from Lic Read success
2022-02-21T07:57:58.883Z|Signature read success
2022-02-21T07:57:58.883Z|Data read success
2022-02-21T07:57:58.883Z|Data ready to decrypt
2022-02-21T07:57:58.890Z|Data decrypt success
2022-02-21T07:57:58.890Z|Data split success
2022-02-21T07:57:58.890Z|KeyId set success
2022-02-21T07:57:58.890Z|Key set success
2022-02-21T07:57:58.890Z|ProductID set success
2022-02-21T07:57:58.890Z|License init success
2022-02-21T07:57:58.910Z|info | encListToken
2022-02-21T07:58:54.966Z|Lic Read success
2022-02-21T07:58:54.966Z|Data from Lic Read success
2022-02-21T07:58:54.966Z|Signature read success
2022-02-21T07:58:54.966Z|Data read success
2022-02-21T07:58:54.966Z|Data ready to decrypt
2022-02-21T07:58:54.972Z|Data decrypt success
2022-02-21T07:58:54.972Z|Data split success
2022-02-21T07:58:54.972Z|KeyId set success
2022-02-21T07:58:54.972Z|Key set success
2022-02-21T07:58:54.972Z|ProductID set success
2022-02-21T07:58:54.972Z|License init success
2022-02-21T07:58:54.993Z|info | encListToken
2022-02-21T07:59:59.746Z|Lic Read success
2022-02-21T07:59:59.746Z|Data from Lic Read success
2022-02-21T07:59:59.746Z|Signature read success
2022-02-21T07:59:59.746Z|Data read success
2022-02-21T07:59:59.746Z|Data ready to decrypt
2022-02-21T07:59:59.753Z|Data decrypt success
2022-02-21T07:59:59.753Z|Data split success
2022-02-21T07:59:59.753Z|KeyId set success
2022-02-21T07:59:59.753Z|Key set success
2022-02-21T07:59:59.753Z|ProductID set success
2022-02-21T07:59:59.753Z|License init success
2022-02-21T07:59:59.774Z|info | encListToken
2022-02-21T08:00:19.044Z|Lic Read success
2022-02-21T08:00:19.044Z|Data from Lic Read success
2022-02-21T08:00:19.044Z|Signature read success
2022-02-21T08:00:19.044Z|Data read success
2022-02-21T08:00:19.044Z|Data ready to decrypt
2022-02-21T08:00:19.054Z|Data decrypt success
2022-02-21T08:00:19.054Z|Data split success
2022-02-21T08:00:19.054Z|KeyId set success
2022-02-21T08:00:19.054Z|Key set success
2022-02-21T08:00:19.054Z|ProductID set success
2022-02-21T08:00:19.054Z|License init success
2022-02-21T08:00:19.074Z|info | encListToken
2022-02-21T08:00:23.565Z|Lic Read success
2022-02-21T08:00:23.565Z|Data from Lic Read success
2022-02-21T08:00:23.565Z|Signature read success
2022-02-21T08:00:23.565Z|Data read success
2022-02-21T08:00:23.565Z|Data ready to decrypt
2022-02-21T08:00:23.575Z|Data decrypt success
2022-02-21T08:00:23.575Z|Data split success
2022-02-21T08:00:23.575Z|KeyId set success
2022-02-21T08:00:23.575Z|Key set success
2022-02-21T08:00:23.575Z|ProductID set success
2022-02-21T08:00:23.575Z|License init success
2022-02-21T08:00:23.594Z|info | encListToken
2022-02-21T08:00:51.714Z|Lic Read success
2022-02-21T08:00:51.714Z|Data from Lic Read success
2022-02-21T08:00:51.714Z|Signature read success
2022-02-21T08:00:51.714Z|Data read success
2022-02-21T08:00:51.714Z|Data ready to decrypt
2022-02-21T08:00:51.725Z|Data decrypt success
2022-02-21T08:00:51.725Z|Data split success
2022-02-21T08:00:51.725Z|KeyId set success
2022-02-21T08:00:51.725Z|Key set success
2022-02-21T08:00:51.725Z|ProductID set success
2022-02-21T08:00:51.725Z|License init success
2022-02-21T08:00:51.744Z|info | JFuI5BvI4DS16kGRfQUDcJ8kfyhyPmTt8bgYhtOPm38=|decListToken
2022-02-21T08:04:15.122Z|Lic Read success
2022-02-21T08:04:15.122Z|Data from Lic Read success
2022-02-21T08:04:15.122Z|Signature read success
2022-02-21T08:04:15.122Z|Data read success
2022-02-21T08:04:15.122Z|Data ready to decrypt
2022-02-21T08:04:15.131Z|Data decrypt success
2022-02-21T08:04:15.131Z|Data split success
2022-02-21T08:04:15.131Z|KeyId set success
2022-02-21T08:04:15.131Z|Key set success
2022-02-21T08:04:15.131Z|ProductID set success
2022-02-21T08:04:15.131Z|License init success
2022-02-21T08:04:15.151Z|info | JFuI5BvI4DS16kGRfQUDcJ8kfyhyPmTt8bgYhtOPm38=|decListToken
2022-02-21T08:04:23.847Z|Lic Read success
2022-02-21T08:04:23.847Z|Data from Lic Read success
2022-02-21T08:04:23.847Z|Signature read success
2022-02-21T08:04:23.847Z|Data read success
2022-02-21T08:04:23.847Z|Data ready to decrypt
2022-02-21T08:04:23.856Z|Data decrypt success
2022-02-21T08:04:23.856Z|Data split success
2022-02-21T08:04:23.856Z|KeyId set success
2022-02-21T08:04:23.856Z|Key set success
2022-02-21T08:04:23.856Z|ProductID set success
2022-02-21T08:04:23.856Z|License init success
2022-02-21T08:04:23.876Z|info | encListToken
2022-02-21T08:04:36.754Z|Lic Read success
2022-02-21T08:04:36.754Z|Data from Lic Read success
2022-02-21T08:04:36.754Z|Signature read success
2022-02-21T08:04:36.754Z|Data read success
2022-02-21T08:04:36.754Z|Data ready to decrypt
2022-02-21T08:04:36.763Z|Data decrypt success
2022-02-21T08:04:36.763Z|Data split success
2022-02-21T08:04:36.763Z|KeyId set success
2022-02-21T08:04:36.763Z|Key set success
2022-02-21T08:04:36.763Z|ProductID set success
2022-02-21T08:04:36.763Z|License init success
2022-02-21T08:04:36.784Z|info | q4bwXz0NKiY5ajlr/P2xxAzQRaEH/FGcGiSOxmGRT8U=|decListToken
2022-02-21T08:04:47.524Z|Lic Read success
2022-02-21T08:04:47.524Z|Data from Lic Read success
2022-02-21T08:04:47.524Z|Signature read success
2022-02-21T08:04:47.524Z|Data read success
2022-02-21T08:04:47.524Z|Data ready to decrypt
2022-02-21T08:04:47.531Z|Data decrypt success
2022-02-21T08:04:47.531Z|Data split success
2022-02-21T08:04:47.531Z|KeyId set success
2022-02-21T08:04:47.531Z|Key set success
2022-02-21T08:04:47.531Z|ProductID set success
2022-02-21T08:04:47.531Z|License init success
2022-02-21T08:04:47.564Z|info | encListToken
2022-02-21T08:04:59.975Z|Lic Read success
2022-02-21T08:04:59.975Z|Data from Lic Read success
2022-02-21T08:04:59.976Z|Signature read success
2022-02-21T08:04:59.976Z|Data read success
2022-02-21T08:04:59.976Z|Data ready to decrypt
2022-02-21T08:04:59.985Z|Data decrypt success
2022-02-21T08:04:59.985Z|Data split success
2022-02-21T08:04:59.985Z|KeyId set success
2022-02-21T08:04:59.985Z|Key set success
2022-02-21T08:04:59.985Z|ProductID set success
2022-02-21T08:04:59.985Z|License init success
2022-02-21T08:05:00.005Z|info | encListToken
2022-02-21T08:05:04.995Z|Lic Read success
2022-02-21T08:05:04.995Z|Data from Lic Read success
2022-02-21T08:05:04.995Z|Signature read success
2022-02-21T08:05:04.995Z|Data read success
2022-02-21T08:05:04.995Z|Data ready to decrypt
2022-02-21T08:05:05.004Z|Data decrypt success
2022-02-21T08:05:05.004Z|Data split success
2022-02-21T08:05:05.004Z|KeyId set success
2022-02-21T08:05:05.004Z|Key set success
2022-02-21T08:05:05.004Z|ProductID set success
2022-02-21T08:05:05.004Z|License init success
2022-02-21T08:05:05.025Z|info | encListToken
2022-02-21T08:05:08.629Z|Lic Read success
2022-02-21T08:05:08.629Z|Data from Lic Read success
2022-02-21T08:05:08.629Z|Signature read success
2022-02-21T08:05:08.629Z|Data read success
2022-02-21T08:05:08.629Z|Data ready to decrypt
2022-02-21T08:05:08.637Z|Data decrypt success
2022-02-21T08:05:08.637Z|Data split success
2022-02-21T08:05:08.637Z|KeyId set success
2022-02-21T08:05:08.637Z|Key set success
2022-02-21T08:05:08.637Z|ProductID set success
2022-02-21T08:05:08.637Z|License init success
2022-02-21T08:05:08.657Z|info | 7x5Sr5hS4gb2Wp7vYxHBCzULVjx1Ykl2UiLr3dG9w24=|decListToken
2022-02-21T08:05:10.322Z|Lic Read success
2022-02-21T08:05:10.322Z|Data from Lic Read success
2022-02-21T08:05:10.322Z|Signature read success
2022-02-21T08:05:10.322Z|Data read success
2022-02-21T08:05:10.322Z|Data ready to decrypt
2022-02-21T08:05:10.327Z|Data decrypt success
2022-02-21T08:05:10.327Z|Data split success
2022-02-21T08:05:10.327Z|KeyId set success
2022-02-21T08:05:10.327Z|Key set success
2022-02-21T08:05:10.327Z|ProductID set success
2022-02-21T08:05:10.327Z|License init success
2022-02-21T08:05:10.347Z|info | encListToken
2022-02-21T08:05:10.531Z|Lic Read success
2022-02-21T08:05:10.531Z|Data from Lic Read success
2022-02-21T08:05:10.532Z|Signature read success
2022-02-21T08:05:10.532Z|Data read success
2022-02-21T08:05:10.532Z|Data ready to decrypt
2022-02-21T08:05:10.539Z|Data decrypt success
2022-02-21T08:05:10.539Z|Data split success
2022-02-21T08:05:10.539Z|KeyId set success
2022-02-21T08:05:10.539Z|Key set success
2022-02-21T08:05:10.539Z|ProductID set success
2022-02-21T08:05:10.539Z|License init success
2022-02-21T08:05:10.560Z|info | JFuI5BvI4DS16kGRfQUDcJ8kfyhyPmTt8bgYhtOPm38=|decListToken
2022-02-21T08:05:28.271Z|Lic Read success
2022-02-21T08:05:28.271Z|Data from Lic Read success
2022-02-21T08:05:28.271Z|Signature read success
2022-02-21T08:05:28.271Z|Data read success
2022-02-21T08:05:28.271Z|Data ready to decrypt
2022-02-21T08:05:28.279Z|Data decrypt success
2022-02-21T08:05:28.279Z|Data split success
2022-02-21T08:05:28.279Z|KeyId set success
2022-02-21T08:05:28.279Z|Key set success
2022-02-21T08:05:28.279Z|ProductID set success
2022-02-21T08:05:28.279Z|License init success
2022-02-21T08:05:28.300Z|info | encListToken
2022-02-21T08:05:28.602Z|Lic Read success
2022-02-21T08:05:28.602Z|Data from Lic Read success
2022-02-21T08:05:28.602Z|Signature read success
2022-02-21T08:05:28.602Z|Data read success
2022-02-21T08:05:28.602Z|Data ready to decrypt
2022-02-21T08:05:28.611Z|Data decrypt success
2022-02-21T08:05:28.611Z|Data split success
2022-02-21T08:05:28.611Z|KeyId set success
2022-02-21T08:05:28.611Z|Key set success
2022-02-21T08:05:28.611Z|ProductID set success
2022-02-21T08:05:28.611Z|License init success
2022-02-21T08:05:28.631Z|info | JFuI5BvI4DS16kGRfQUDcJ8kfyhyPmTt8bgYhtOPm38=|decListToken
2022-02-21T08:05:35.823Z|Lic Read success
2022-02-21T08:05:35.823Z|Data from Lic Read success
2022-02-21T08:05:35.823Z|Signature read success
2022-02-21T08:05:35.823Z|Data read success
2022-02-21T08:05:35.823Z|Data ready to decrypt
2022-02-21T08:05:35.833Z|Data decrypt success
2022-02-21T08:05:35.833Z|Data split success
2022-02-21T08:05:35.833Z|KeyId set success
2022-02-21T08:05:35.833Z|Key set success
2022-02-21T08:05:35.833Z|ProductID set success
2022-02-21T08:05:35.833Z|License init success
2022-02-21T08:05:35.853Z|info | 7x5Sr5hS4gb2Wp7vYxHBCzULVjx1Ykl2UiLr3dG9w24=|decListToken
2022-02-21T08:05:39.030Z|Lic Read success
2022-02-21T08:05:39.030Z|Data from Lic Read success
2022-02-21T08:05:39.030Z|Signature read success
2022-02-21T08:05:39.030Z|Data read success
2022-02-21T08:05:39.030Z|Data ready to decrypt
2022-02-21T08:05:39.039Z|Data decrypt success
2022-02-21T08:05:39.039Z|Data split success
2022-02-21T08:05:39.039Z|KeyId set success
2022-02-21T08:05:39.039Z|Key set success
2022-02-21T08:05:39.039Z|ProductID set success
2022-02-21T08:05:39.039Z|License init success
2022-02-21T08:05:39.059Z|info | encListToken
2022-02-21T08:05:54.033Z|Lic Read success
2022-02-21T08:05:54.033Z|Data from Lic Read success
2022-02-21T08:05:54.033Z|Signature read success
2022-02-21T08:05:54.033Z|Data read success
2022-02-21T08:05:54.033Z|Data ready to decrypt
2022-02-21T08:05:54.041Z|Data decrypt success
2022-02-21T08:05:54.041Z|Data split success
2022-02-21T08:05:54.041Z|KeyId set success
2022-02-21T08:05:54.041Z|Key set success
2022-02-21T08:05:54.041Z|ProductID set success
2022-02-21T08:05:54.041Z|License init success
2022-02-21T08:05:54.062Z|info | encListToken
2022-02-21T08:05:54.317Z|Lic Read success
2022-02-21T08:05:54.317Z|Data from Lic Read success
2022-02-21T08:05:54.317Z|Signature read success
2022-02-21T08:05:54.317Z|Data read success
2022-02-21T08:05:54.317Z|Data ready to decrypt
2022-02-21T08:05:54.325Z|Data decrypt success
2022-02-21T08:05:54.325Z|Data split success
2022-02-21T08:05:54.325Z|KeyId set success
2022-02-21T08:05:54.325Z|Key set success
2022-02-21T08:05:54.325Z|ProductID set success
2022-02-21T08:05:54.325Z|License init success
2022-02-21T08:05:54.346Z|info | JFuI5BvI4DS16kGRfQUDcJ8kfyhyPmTt8bgYhtOPm38=|decListToken
2022-02-21T08:11:20.781Z|Lic Read success
2022-02-21T08:11:20.781Z|Data from Lic Read success
2022-02-21T08:11:20.782Z|Signature read success
2022-02-21T08:11:20.782Z|Data read success
2022-02-21T08:11:20.782Z|Data ready to decrypt
2022-02-21T08:11:20.789Z|Data decrypt success
2022-02-21T08:11:20.789Z|Data split success
2022-02-21T08:11:20.789Z|KeyId set success
2022-02-21T08:11:20.789Z|Key set success
2022-02-21T08:11:20.789Z|ProductID set success
2022-02-21T08:11:20.789Z|License init success
2022-02-21T08:11:20.809Z|info | 7x5Sr5hS4gb2Wp7vYxHBCzULVjx1Ykl2UiLr3dG9w24=|decListToken
2022-02-21T08:11:55.020Z|Lic Read success
2022-02-21T08:11:55.020Z|Data from Lic Read success
2022-02-21T08:11:55.020Z|Signature read success
2022-02-21T08:11:55.020Z|Data read success
2022-02-21T08:11:55.020Z|Data ready to decrypt
2022-02-21T08:11:55.026Z|Data decrypt success
2022-02-21T08:11:55.026Z|Data split success
2022-02-21T08:11:55.026Z|KeyId set success
2022-02-21T08:11:55.026Z|Key set success
2022-02-21T08:11:55.026Z|ProductID set success
2022-02-21T08:11:55.026Z|License init success
2022-02-21T08:11:55.046Z|info | encListToken
2022-02-21T08:12:12.176Z|Lic Read success
2022-02-21T08:12:12.176Z|Data from Lic Read success
2022-02-21T08:12:12.176Z|Signature read success
2022-02-21T08:12:12.176Z|Data read success
2022-02-21T08:12:12.176Z|Data ready to decrypt
2022-02-21T08:12:12.184Z|Data decrypt success
2022-02-21T08:12:12.184Z|Data split success
2022-02-21T08:12:12.184Z|KeyId set success
2022-02-21T08:12:12.184Z|Key set success
2022-02-21T08:12:12.184Z|ProductID set success
2022-02-21T08:12:12.184Z|License init success
2022-02-21T08:12:12.205Z|info | encListCertificate
2022-02-21T08:12:15.570Z|Lic Read success
2022-02-21T08:12:15.570Z|Data from Lic Read success
2022-02-21T08:12:15.570Z|Signature read success
2022-02-21T08:12:15.570Z|Data read success
2022-02-21T08:12:15.570Z|Data ready to decrypt
2022-02-21T08:12:15.579Z|Data decrypt success
2022-02-21T08:12:15.579Z|Data split success
2022-02-21T08:12:15.579Z|KeyId set success
2022-02-21T08:12:15.579Z|Key set success
2022-02-21T08:12:15.579Z|ProductID set success
2022-02-21T08:12:15.579Z|License init success
2022-02-21T08:12:15.604Z|info | 7x5Sr5hS4gb2Wp7vYxHBCzULVjx1Ykl2UiLr3dG9w24=|decListCertificate
2022-02-21T08:12:20.966Z|Lic Read success
2022-02-21T08:12:20.967Z|Data from Lic Read success
2022-02-21T08:12:20.967Z|Signature read success
2022-02-21T08:12:20.967Z|Data read success
2022-02-21T08:12:20.967Z|Data ready to decrypt
2022-02-21T08:12:20.975Z|Data decrypt success
2022-02-21T08:12:20.975Z|Data split success
2022-02-21T08:12:20.975Z|KeyId set success
2022-02-21T08:12:20.975Z|Key set success
2022-02-21T08:12:20.975Z|ProductID set success
2022-02-21T08:12:20.975Z|License init success
2022-02-21T08:12:20.998Z|info | encListToken
2022-02-21T08:12:21.256Z|Lic Read success
2022-02-21T08:12:21.256Z|Data from Lic Read success
2022-02-21T08:12:21.256Z|Signature read success
2022-02-21T08:12:21.256Z|Data read success
2022-02-21T08:12:21.256Z|Data ready to decrypt
2022-02-21T08:12:21.264Z|Data decrypt success
2022-02-21T08:12:21.264Z|Data split success
2022-02-21T08:12:21.264Z|KeyId set success
2022-02-21T08:12:21.264Z|Key set success
2022-02-21T08:12:21.264Z|ProductID set success
2022-02-21T08:12:21.264Z|License init success
2022-02-21T08:12:21.286Z|info | JFuI5BvI4DS16kGRfQUDcJ8kfyhyPmTt8bgYhtOPm38=|decListToken
2022-02-21T08:12:50.149Z|Lic Read success
2022-02-21T08:12:50.149Z|Data from Lic Read success
2022-02-21T08:12:50.149Z|Signature read success
2022-02-21T08:12:50.149Z|Data read success
2022-02-21T08:12:50.149Z|Data ready to decrypt
2022-02-21T08:12:50.157Z|Data decrypt success
2022-02-21T08:12:50.157Z|Data split success
2022-02-21T08:12:50.157Z|KeyId set success
2022-02-21T08:12:50.157Z|Key set success
2022-02-21T08:12:50.157Z|ProductID set success
2022-02-21T08:12:50.157Z|License init success
2022-02-21T08:12:50.178Z|Generating pdf signing response
2022-02-21T08:12:50.178Z|error | Temp file does not exist|decPKCSBulkSign
2022-02-21T08:12:53.672Z|Lic Read success
2022-02-21T08:12:53.672Z|Data from Lic Read success
2022-02-21T08:12:53.672Z|Signature read success
2022-02-21T08:12:53.672Z|Data read success
2022-02-21T08:12:53.672Z|Data ready to decrypt
2022-02-21T08:12:53.678Z|Data decrypt success
2022-02-21T08:12:53.678Z|Data split success
2022-02-21T08:12:53.678Z|KeyId set success
2022-02-21T08:12:53.678Z|Key set success
2022-02-21T08:12:53.678Z|ProductID set success
2022-02-21T08:12:53.678Z|License init success
2022-02-21T08:12:53.698Z|info | encListToken
2022-02-21T08:12:56.468Z|Lic Read success
2022-02-21T08:12:56.468Z|Data from Lic Read success
2022-02-21T08:12:56.468Z|Signature read success
2022-02-21T08:12:56.468Z|Data read success
2022-02-21T08:12:56.468Z|Data ready to decrypt
2022-02-21T08:12:56.475Z|Data decrypt success
2022-02-21T08:12:56.475Z|Data split success
2022-02-21T08:12:56.475Z|KeyId set success
2022-02-21T08:12:56.475Z|Key set success
2022-02-21T08:12:56.475Z|ProductID set success
2022-02-21T08:12:56.475Z|License init success
2022-02-21T08:12:56.533Z|Hashing pdf
2022-02-21T08:12:56.533Z|TransactionId: 202202210815565334d6afc0a1f54484ab7db587059223c3c
2022-02-21T08:12:56.533Z|1) Pdf tlcertificate processing....
2022-02-21T08:12:56.543Z|Pdf: read success
2022-02-21T08:12:56.544Z|Pdf: genearting appearance....
2022-02-21T08:12:56.544Z|Pdf: genearting appearance.... text added
2022-02-21T08:12:56.544Z|Pdf: genearting appearance.... position set
2022-02-21T08:12:56.547Z|Pdf: appearance generated successfully
2022-02-21T08:12:56.547Z|Pdf: generating hash....
2022-02-21T08:12:56.580Z|Pdf: hash generated successfully
2022-02-21T08:12:56.580Z|Pdf: generating .sig file....
2022-02-21T08:12:56.581Z|Pdf: Creating and writing transaction data
2022-02-21T08:13:00.213Z|Pdf: Transaction data writtent successfully
2022-02-21T08:13:00.213Z|Pdf: /DS/Temp/202202210815565334d6afc0a1f54484ab7db587059223c3c.sig generated successfully
2022-02-21T08:13:00.213Z|Hashing pdf Done
2022-02-21T08:13:00.214Z|Encrypting
2022-02-21T08:13:00.218Z|Encrypting Done
2022-02-21T08:13:00.218Z|info | encPKCSBulkSign
2022-02-21T08:13:02.560Z|Lic Read success
2022-02-21T08:13:02.560Z|Data from Lic Read success
2022-02-21T08:13:02.560Z|Signature read success
2022-02-21T08:13:02.560Z|Data read success
2022-02-21T08:13:02.560Z|Data ready to decrypt
2022-02-21T08:13:02.570Z|Data decrypt success
2022-02-21T08:13:02.570Z|Data split success
2022-02-21T08:13:02.570Z|KeyId set success
2022-02-21T08:13:02.570Z|Key set success
2022-02-21T08:13:02.570Z|ProductID set success
2022-02-21T08:13:02.570Z|License init success
2022-02-21T08:13:02.591Z|Generating pdf signing response
2022-02-21T08:13:02.591Z|Generating signed pdf....
2022-02-21T08:13:02.591Z|Pdf: reading temp pdf data
2022-02-21T08:13:02.594Z|Pdf: reading temp pdf data success
2022-02-21T08:13:02.594Z|Pdf: generating document structure....
2022-02-21T08:13:02.739Z|Pdf: document structure generated successfully
2022-02-21T08:13:02.739Z|Pdf tlcertificate: processing signature...
2022-02-21T08:13:02.739Z|Pdf tlcertificate: read document structure success
2022-02-21T08:13:02.739Z|Pdf tlcertificate: adding signature to pdf....
2022-02-21T08:13:02.773Z|Pdf tlcertificate: added signature to pdf successfully
2022-02-21T08:13:02.773Z|info | 7x5Sr5hS4gb2Wp7vYxHBCzULVjx1Ykl2UiLr3dG9w24=|decPKCSBulkSign
2022-02-21T08:13:04.681Z|Lic Read success
2022-02-21T08:13:04.682Z|Data from Lic Read success
2022-02-21T08:13:04.682Z|Signature read success
2022-02-21T08:13:04.682Z|Data read success
2022-02-21T08:13:04.682Z|Data ready to decrypt
2022-02-21T08:13:04.690Z|Data decrypt success
2022-02-21T08:13:04.691Z|Data split success
2022-02-21T08:13:04.691Z|KeyId set success
2022-02-21T08:13:04.691Z|Key set success
2022-02-21T08:13:04.691Z|ProductID set success
2022-02-21T08:13:04.691Z|License init success
2022-02-21T08:13:04.710Z|info | JFuI5BvI4DS16kGRfQUDcJ8kfyhyPmTt8bgYhtOPm38=|decListToken
2022-02-21T08:16:38.782Z|Lic Read success
2022-02-21T08:16:38.783Z|Data from Lic Read success
2022-02-21T08:16:38.783Z|Signature read success
2022-02-21T08:16:38.783Z|Data read success
2022-02-21T08:16:38.783Z|Data ready to decrypt
2022-02-21T08:16:38.790Z|Data decrypt success
2022-02-21T08:16:38.790Z|Data split success
2022-02-21T08:16:38.790Z|KeyId set success
2022-02-21T08:16:38.790Z|Key set success
2022-02-21T08:16:38.790Z|ProductID set success
2022-02-21T08:16:38.790Z|License init success
2022-02-21T08:16:38.812Z|info | JFuI5BvI4DS16kGRfQUDcJ8kfyhyPmTt8bgYhtOPm38=|decListToken
2022-02-21T08:17:37.758Z|Lic Read success
2022-02-21T08:17:37.758Z|Data from Lic Read success
2022-02-21T08:17:37.758Z|Signature read success
2022-02-21T08:17:37.758Z|Data read success
2022-02-21T08:17:37.758Z|Data ready to decrypt
2022-02-21T08:17:37.764Z|Data decrypt success
2022-02-21T08:17:37.764Z|Data split success
2022-02-21T08:17:37.764Z|KeyId set success
2022-02-21T08:17:37.764Z|Key set success
2022-02-21T08:17:37.764Z|ProductID set success
2022-02-21T08:17:37.764Z|License init success
2022-02-21T08:17:37.784Z|info | JFuI5BvI4DS16kGRfQUDcJ8kfyhyPmTt8bgYhtOPm38=|decListToken
2022-02-21T08:27:22.557Z|Lic Read success
2022-02-21T08:27:22.558Z|Data from Lic Read success
2022-02-21T08:27:22.558Z|Signature read success
2022-02-21T08:27:22.558Z|Data read success
2022-02-21T08:27:22.558Z|Data ready to decrypt
2022-02-21T08:27:22.566Z|Data decrypt success
2022-02-21T08:27:22.566Z|Data split success
2022-02-21T08:27:22.566Z|KeyId set success
2022-02-21T08:27:22.566Z|Key set success
2022-02-21T08:27:22.566Z|ProductID set success
2022-02-21T08:27:22.566Z|License init success
2022-02-21T08:27:22.589Z|info | encListToken
2022-02-21T08:28:07.766Z|Lic Read success
2022-02-21T08:28:07.766Z|Data from Lic Read success
2022-02-21T08:28:07.766Z|Signature read success
2022-02-21T08:28:07.766Z|Data read success
2022-02-21T08:28:07.766Z|Data ready to decrypt
2022-02-21T08:28:07.776Z|Data decrypt success
2022-02-21T08:28:07.776Z|Data split success
2022-02-21T08:28:07.776Z|KeyId set success
2022-02-21T08:28:07.776Z|Key set success
2022-02-21T08:28:07.776Z|ProductID set success
2022-02-21T08:28:07.776Z|License init success
2022-02-21T08:28:07.795Z|info | encListToken
2022-02-21T08:28:07.970Z|Lic Read success
2022-02-21T08:28:07.970Z|Data from Lic Read success
2022-02-21T08:28:07.970Z|Signature read success
2022-02-21T08:28:07.970Z|Data read success
2022-02-21T08:28:07.970Z|Data ready to decrypt
2022-02-21T08:28:07.978Z|Data decrypt success
2022-02-21T08:28:07.978Z|Data split success
2022-02-21T08:28:07.978Z|KeyId set success
2022-02-21T08:28:07.978Z|Key set success
2022-02-21T08:28:07.978Z|ProductID set success
2022-02-21T08:28:07.978Z|License init success
2022-02-21T08:28:07.998Z|info | yTJF9digJA4jOpElDEy4xV9dNlK+GM2Gc409lx103Rw=|decListToken
2022-02-21T08:28:19.740Z|Lic Read success
2022-02-21T08:28:19.740Z|Data from Lic Read success
2022-02-21T08:28:19.740Z|Signature read success
2022-02-21T08:28:19.740Z|Data read success
2022-02-21T08:28:19.740Z|Data ready to decrypt
2022-02-21T08:28:19.746Z|Data decrypt success
2022-02-21T08:28:19.746Z|Data split success
2022-02-21T08:28:19.746Z|KeyId set success
2022-02-21T08:28:19.746Z|Key set success
2022-02-21T08:28:19.746Z|ProductID set success
2022-02-21T08:28:19.746Z|License init success
2022-02-21T08:28:19.776Z|info | yTJF9digJA4jOpElDEy4xV9dNlK+GM2Gc409lx103Rw=|decListToken
2022-02-21T08:29:05.733Z|Lic Read success
2022-02-21T08:29:05.733Z|Data from Lic Read success
2022-02-21T08:29:05.733Z|Signature read success
2022-02-21T08:29:05.733Z|Data read success
2022-02-21T08:29:05.733Z|Data ready to decrypt
2022-02-21T08:29:05.740Z|Data decrypt success
2022-02-21T08:29:05.740Z|Data split success
2022-02-21T08:29:05.740Z|KeyId set success
2022-02-21T08:29:05.740Z|Key set success
2022-02-21T08:29:05.740Z|ProductID set success
2022-02-21T08:29:05.740Z|License init success
2022-02-21T08:29:05.763Z|info | encListToken
2022-02-21T08:36:19.557Z|Lic Read success
2022-02-21T08:36:19.557Z|Data from Lic Read success
2022-02-21T08:36:19.557Z|Signature read success
2022-02-21T08:36:19.557Z|Data read success
2022-02-21T08:36:19.557Z|Data ready to decrypt
2022-02-21T08:36:19.567Z|Data decrypt success
2022-02-21T08:36:19.567Z|Data split success
2022-02-21T08:36:19.567Z|KeyId set success
2022-02-21T08:36:19.567Z|Key set success
2022-02-21T08:36:19.567Z|ProductID set success
2022-02-21T08:36:19.567Z|License init success
2022-02-21T08:36:19.586Z|info | encListToken
2022-02-21T08:36:19.774Z|Lic Read success
2022-02-21T08:36:19.774Z|Data from Lic Read success
2022-02-21T08:36:19.774Z|Signature read success
2022-02-21T08:36:19.774Z|Data read success
2022-02-21T08:36:19.774Z|Data ready to decrypt
2022-02-21T08:36:19.784Z|Data decrypt success
2022-02-21T08:36:19.784Z|Data split success
2022-02-21T08:36:19.784Z|KeyId set success
2022-02-21T08:36:19.784Z|Key set success
2022-02-21T08:36:19.784Z|ProductID set success
2022-02-21T08:36:19.784Z|License init success
2022-02-21T08:36:19.803Z|info | yTJF9digJA4jOpElDEy4xV9dNlK+GM2Gc409lx103Rw=|decListToken
2022-02-21T08:36:38.095Z|Lic Read success
2022-02-21T08:36:38.095Z|Data from Lic Read success
2022-02-21T08:36:38.095Z|Signature read success
2022-02-21T08:36:38.095Z|Data read success
2022-02-21T08:36:38.095Z|Data ready to decrypt
2022-02-21T08:36:38.101Z|Data decrypt success
2022-02-21T08:36:38.101Z|Data split success
2022-02-21T08:36:38.101Z|KeyId set success
2022-02-21T08:36:38.101Z|Key set success
2022-02-21T08:36:38.101Z|ProductID set success
2022-02-21T08:36:38.101Z|License init success
2022-02-21T08:36:38.121Z|info | encListToken
2022-02-21T08:36:38.635Z|Lic Read success
2022-02-21T08:36:38.636Z|Data from Lic Read success
2022-02-21T08:36:38.636Z|Signature read success
2022-02-21T08:36:38.636Z|Data read success
2022-02-21T08:36:38.636Z|Data ready to decrypt
2022-02-21T08:36:38.646Z|Data decrypt success
2022-02-21T08:36:38.646Z|Data split success
2022-02-21T08:36:38.646Z|KeyId set success
2022-02-21T08:36:38.646Z|Key set success
2022-02-21T08:36:38.646Z|ProductID set success
2022-02-21T08:36:38.646Z|License init success
2022-02-21T08:36:38.665Z|info | yTJF9digJA4jOpElDEy4xV9dNlK+GM2Gc409lx103Rw=|decListToken
2022-02-21T08:38:00.302Z|Lic Read success
2022-02-21T08:38:00.302Z|Data from Lic Read success
2022-02-21T08:38:00.302Z|Signature read success
2022-02-21T08:38:00.302Z|Data read success
2022-02-21T08:38:00.302Z|Data ready to decrypt
2022-02-21T08:38:00.310Z|Data decrypt success
2022-02-21T08:38:00.310Z|Data split success
2022-02-21T08:38:00.310Z|KeyId set success
2022-02-21T08:38:00.310Z|Key set success
2022-02-21T08:38:00.310Z|ProductID set success
2022-02-21T08:38:00.310Z|License init success
2022-02-21T08:38:00.329Z|info | encListToken
2022-02-21T08:38:00.847Z|Lic Read success
2022-02-21T08:38:00.847Z|Data from Lic Read success
2022-02-21T08:38:00.847Z|Signature read success
2022-02-21T08:38:00.847Z|Data read success
2022-02-21T08:38:00.847Z|Data ready to decrypt
2022-02-21T08:38:00.853Z|Data decrypt success
2022-02-21T08:38:00.853Z|Data split success
2022-02-21T08:38:00.853Z|KeyId set success
2022-02-21T08:38:00.853Z|Key set success
2022-02-21T08:38:00.853Z|ProductID set success
2022-02-21T08:38:00.853Z|License init success
2022-02-21T08:38:00.883Z|info | yTJF9digJA4jOpElDEy4xV9dNlK+GM2Gc409lx103Rw=|decListToken
2022-02-21T08:40:03.393Z|Lic Read success
2022-02-21T08:40:03.393Z|Data from Lic Read success
2022-02-21T08:40:03.393Z|Signature read success
2022-02-21T08:40:03.393Z|Data read success
2022-02-21T08:40:03.393Z|Data ready to decrypt
2022-02-21T08:40:03.399Z|Data decrypt success
2022-02-21T08:40:03.399Z|Data split success
2022-02-21T08:40:03.399Z|KeyId set success
2022-02-21T08:40:03.399Z|Key set success
2022-02-21T08:40:03.399Z|ProductID set success
2022-02-21T08:40:03.399Z|License init success
2022-02-21T08:40:03.430Z|info | encListToken
2022-02-21T08:40:04.083Z|Lic Read success
2022-02-21T08:40:04.083Z|Data from Lic Read success
2022-02-21T08:40:04.083Z|Signature read success
2022-02-21T08:40:04.083Z|Data read success
2022-02-21T08:40:04.083Z|Data ready to decrypt
2022-02-21T08:40:04.091Z|Data decrypt success
2022-02-21T08:40:04.091Z|Data split success
2022-02-21T08:40:04.091Z|KeyId set success
2022-02-21T08:40:04.091Z|Key set success
2022-02-21T08:40:04.091Z|ProductID set success
2022-02-21T08:40:04.091Z|License init success
2022-02-21T08:40:04.111Z|info | yTJF9digJA4jOpElDEy4xV9dNlK+GM2Gc409lx103Rw=|decListToken
2022-02-21T08:43:29.688Z|Lic Read success
2022-02-21T08:43:29.688Z|Data from Lic Read success
2022-02-21T08:43:29.688Z|Signature read success
2022-02-21T08:43:29.688Z|Data read success
2022-02-21T08:43:29.688Z|Data ready to decrypt
2022-02-21T08:43:29.697Z|Data decrypt success
2022-02-21T08:43:29.697Z|Data split success
2022-02-21T08:43:29.697Z|KeyId set success
2022-02-21T08:43:29.697Z|Key set success
2022-02-21T08:43:29.697Z|ProductID set success
2022-02-21T08:43:29.697Z|License init success
2022-02-21T08:43:29.718Z|info | JFuI5BvI4DS16kGRfQUDcJ8kfyhyPmTt8bgYhtOPm38=|decListToken
2022-02-21T08:43:42.625Z|Lic Read success
2022-02-21T08:43:42.625Z|Data from Lic Read success
2022-02-21T08:43:42.625Z|Signature read success
2022-02-21T08:43:42.625Z|Data read success
2022-02-21T08:43:42.625Z|Data ready to decrypt
2022-02-21T08:43:42.634Z|Data decrypt success
2022-02-21T08:43:42.634Z|Data split success
2022-02-21T08:43:42.634Z|KeyId set success
2022-02-21T08:43:42.634Z|Key set success
2022-02-21T08:43:42.634Z|ProductID set success
2022-02-21T08:43:42.634Z|License init success
2022-02-21T08:43:42.663Z|info | encListToken
2022-02-21T08:43:42.873Z|Lic Read success
2022-02-21T08:43:42.873Z|Data from Lic Read success
2022-02-21T08:43:42.873Z|Signature read success
2022-02-21T08:43:42.873Z|Data read success
2022-02-21T08:43:42.873Z|Data ready to decrypt
2022-02-21T08:43:42.881Z|Data decrypt success
2022-02-21T08:43:42.881Z|Data split success
2022-02-21T08:43:42.881Z|KeyId set success
2022-02-21T08:43:42.881Z|Key set success
2022-02-21T08:43:42.881Z|ProductID set success
2022-02-21T08:43:42.881Z|License init success
2022-02-21T08:43:42.901Z|info | JFuI5BvI4DS16kGRfQUDcJ8kfyhyPmTt8bgYhtOPm38=|decListToken
2022-02-21T08:46:16.030Z|Lic Read success
2022-02-21T08:46:16.031Z|Data from Lic Read success
2022-02-21T08:46:16.031Z|Signature read success
2022-02-21T08:46:16.031Z|Data read success
2022-02-21T08:46:16.031Z|Data ready to decrypt
2022-02-21T08:46:16.038Z|Data decrypt success
2022-02-21T08:46:16.038Z|Data split success
2022-02-21T08:46:16.038Z|KeyId set success
2022-02-21T08:46:16.038Z|Key set success
2022-02-21T08:46:16.038Z|ProductID set success
2022-02-21T08:46:16.038Z|License init success
2022-02-21T08:46:16.060Z|info | JFuI5BvI4DS16kGRfQUDcJ8kfyhyPmTt8bgYhtOPm38=|decListToken
2022-02-21T08:46:24.393Z|Lic Read success
2022-02-21T08:46:24.393Z|Data from Lic Read success
2022-02-21T08:46:24.393Z|Signature read success
2022-02-21T08:46:24.393Z|Data read success
2022-02-21T08:46:24.393Z|Data ready to decrypt
2022-02-21T08:46:24.402Z|Data decrypt success
2022-02-21T08:46:24.402Z|Data split success
2022-02-21T08:46:24.402Z|KeyId set success
2022-02-21T08:46:24.402Z|Key set success
2022-02-21T08:46:24.402Z|ProductID set success
2022-02-21T08:46:24.402Z|License init success
2022-02-21T08:46:24.421Z|info | encListToken
2022-02-21T08:46:24.632Z|Lic Read success
2022-02-21T08:46:24.632Z|Data from Lic Read success
2022-02-21T08:46:24.632Z|Signature read success
2022-02-21T08:46:24.632Z|Data read success
2022-02-21T08:46:24.632Z|Data ready to decrypt
2022-02-21T08:46:24.641Z|Data decrypt success
2022-02-21T08:46:24.641Z|Data split success
2022-02-21T08:46:24.641Z|KeyId set success
2022-02-21T08:46:24.641Z|Key set success
2022-02-21T08:46:24.641Z|ProductID set success
2022-02-21T08:46:24.641Z|License init success
2022-02-21T08:46:24.669Z|info | JFuI5BvI4DS16kGRfQUDcJ8kfyhyPmTt8bgYhtOPm38=|decListToken
2022-02-21T08:48:27.013Z|Lic Read success
2022-02-21T08:48:27.013Z|Data from Lic Read success
2022-02-21T08:48:27.013Z|Signature read success
2022-02-21T08:48:27.013Z|Data read success
2022-02-21T08:48:27.013Z|Data ready to decrypt
2022-02-21T08:48:27.021Z|Data decrypt success
2022-02-21T08:48:27.022Z|Data split success
2022-02-21T08:48:27.022Z|KeyId set success
2022-02-21T08:48:27.022Z|Key set success
2022-02-21T08:48:27.022Z|ProductID set success
2022-02-21T08:48:27.022Z|License init success
2022-02-21T08:48:27.044Z|info | encListToken
2022-02-21T09:10:47.084Z|Lic Read success
2022-02-21T09:10:47.084Z|Data from Lic Read success
2022-02-21T09:10:47.084Z|Signature read success
2022-02-21T09:10:47.084Z|Data read success
2022-02-21T09:10:47.084Z|Data ready to decrypt
2022-02-21T09:10:47.093Z|Data decrypt success
2022-02-21T09:10:47.093Z|Data split success
2022-02-21T09:10:47.093Z|KeyId set success
2022-02-21T09:10:47.093Z|Key set success
2022-02-21T09:10:47.093Z|ProductID set success
2022-02-21T09:10:47.093Z|License init success
2022-02-21T09:10:47.113Z|info | encListToken
2022-02-21T09:15:03.294Z|Lic Read success
2022-02-21T09:15:03.294Z|Data from Lic Read success
2022-02-21T09:15:03.294Z|Signature read success
2022-02-21T09:15:03.294Z|Data read success
2022-02-21T09:15:03.294Z|Data ready to decrypt
2022-02-21T09:15:03.298Z|Data decrypt success
2022-02-21T09:15:03.298Z|Data split success
2022-02-21T09:15:03.298Z|KeyId set success
2022-02-21T09:15:03.298Z|Key set success
2022-02-21T09:15:03.298Z|ProductID set success
2022-02-21T09:15:03.298Z|License init success
2022-02-21T09:15:03.318Z|info | encListToken
2022-02-21T09:25:04.911Z|Lic Read success
2022-02-21T09:25:04.911Z|Data from Lic Read success
2022-02-21T09:25:04.911Z|Signature read success
2022-02-21T09:25:04.911Z|Data read success
2022-02-21T09:25:04.911Z|Data ready to decrypt
2022-02-21T09:25:04.917Z|Data decrypt success
2022-02-21T09:25:04.917Z|Data split success
2022-02-21T09:25:04.917Z|KeyId set success
2022-02-21T09:25:04.917Z|Key set success
2022-02-21T09:25:04.917Z|ProductID set success
2022-02-21T09:25:04.917Z|License init success
2022-02-21T09:25:04.937Z|info | encListToken
2022-02-21T09:30:32.998Z|Lic Read success
2022-02-21T09:30:32.998Z|Data from Lic Read success
2022-02-21T09:30:32.998Z|Signature read success
2022-02-21T09:30:32.998Z|Data read success
2022-02-21T09:30:32.998Z|Data ready to decrypt
2022-02-21T09:30:33.006Z|Data decrypt success
2022-02-21T09:30:33.006Z|Data split success
2022-02-21T09:30:33.006Z|KeyId set success
2022-02-21T09:30:33.006Z|Key set success
2022-02-21T09:30:33.006Z|ProductID set success
2022-02-21T09:30:33.006Z|License init success
2022-02-21T09:30:33.027Z|info | encListToken
2022-02-21T09:30:51.894Z|Lic Read success
2022-02-21T09:30:51.894Z|Data from Lic Read success
2022-02-21T09:30:51.895Z|Signature read success
2022-02-21T09:30:51.895Z|Data read success
2022-02-21T09:30:51.895Z|Data ready to decrypt
2022-02-21T09:30:51.899Z|Data decrypt success
2022-02-21T09:30:51.899Z|Data split success
2022-02-21T09:30:51.899Z|KeyId set success
2022-02-21T09:30:51.899Z|Key set success
2022-02-21T09:30:51.899Z|ProductID set success
2022-02-21T09:30:51.899Z|License init success
2022-02-21T09:30:51.919Z|info | encListToken
